{"/Users/jonathan/Desktop/advanced-react-patternsv2/src/exercises-final/01.js": {"path":"/Users/jonathan/Desktop/advanced-react-patternsv2/src/exercises-final/01.js","statementMap":{"0":{"start":{"line":1,"column":0},"end":{"line":null,"column":-1}},"1":{"start":{"line":2,"column":0},"end":{"line":null,"column":-1}},"2":{"start":{"line":4,"column":37},"end":{"line":null,"column":-1}},"3":{"start":{"line":7,"column":4},"end":{"line":4,"column":37}},"4":{"start":{"line":8,"column":17},"end":{"line":8,"column":6}},"5":{"start":{"line":10,"column":8},"end":{"line":null,"column":-1}},"6":{"start":{"line":14,"column":17},"end":{"line":13,"column":11}},"7":{"start":{"line":15,"column":4},"end":{"line":null,"column":-1}},"8":{"start":{"line":20,"column":26},"end":{"line":19,"column":15}},"9":{"start":{"line":22,"column":2},"end":{"line":null,"column":-1}},"10":{"start":{"line":24,"column":0},"end":{"line":null,"column":-1}}},"fnMap":{"0":{"name":"(anonymous_1)","decl":{"start":{"line":4,"column":37},"end":{"line":null,"column":-1}},"loc":{"start":{"line":4,"column":37},"end":{"line":null,"column":-1}}},"1":{"name":"(anonymous_2)","decl":{"start":{"line":6,"column":11},"end":{"line":null,"column":-1}},"loc":{"start":{"line":7,"column":4},"end":{"line":4,"column":37}}},"2":{"name":"(anonymous_3)","decl":{"start":{"line":8,"column":6},"end":{"line":8,"column":7}},"loc":{"start":{"line":8,"column":17},"end":{"line":8,"column":6}}},"3":{"name":"(anonymous_4)","decl":{"start":{"line":9,"column":6},"end":{"line":9,"column":11}},"loc":{"start":{"line":9,"column":12},"end":{"line":7,"column":4}}},"4":{"name":"(anonymous_5)","decl":{"start":{"line":13,"column":2},"end":{"line":13,"column":10}},"loc":{"start":{"line":13,"column":11},"end":{"line":4,"column":37}}},"5":{"name":"Usage","decl":{"start":{"line":19,"column":9},"end":{"line":19,"column":0}},"loc":{"start":{"line":21,"column":3},"end":{"line":23,"column":1}}},"6":{"name":"(anonymous_7)","decl":{"start":{"line":20,"column":13},"end":{"line":20,"column":14}},"loc":{"start":{"line":20,"column":26},"end":{"line":19,"column":15}}}},"branchMap":{"0":{"loc":{"start":{"line":20,"column":13},"end":{"line":19,"column":15}},"type":"default-arg","locations":[{"start":{"line":20,"column":13},"end":{"line":19,"column":15}}]}},"s":{"0":0,"1":0,"2":0,"3":0,"4":0,"5":0,"6":0,"7":0,"8":0,"9":0,"10":0},"f":{"0":0,"1":0,"2":0,"3":0,"4":0,"5":0,"6":0},"b":{"0":[0]}}
,"/Users/jonathan/Desktop/advanced-react-patternsv2/src/exercises-final/02.js": {"path":"/Users/jonathan/Desktop/advanced-react-patternsv2/src/exercises-final/02.js","statementMap":{"0":{"start":{"line":7,"column":35},"end":{"line":7,"column":55}},"1":{"start":{"line":8,"column":36},"end":{"line":8,"column":56}},"2":{"start":{"line":10,"column":4},"end":{"line":10,"column":50}},"3":{"start":{"line":14,"column":4},"end":{"line":17,"column":5}},"4":{"start":{"line":15,"column":17},"end":{"line":15,"column":26}},"5":{"start":{"line":16,"column":12},"end":{"line":16,"column":46}},"6":{"start":{"line":19,"column":4},"end":{"line":24,"column":5}},"7":{"start":{"line":20,"column":6},"end":{"line":23,"column":8}},"8":{"start":{"line":29,"column":26},"end":{"line":29,"column":58}},"9":{"start":{"line":31,"column":2},"end":{"line":37,"column":3}},"10":{"start":{"line":39,"column":0},"end":{"line":39,"column":35}}},"fnMap":{"0":{"name":"(anonymous_0)","decl":{"start":{"line":7,"column":14},"end":{"line":7,"column":15}},"loc":{"start":{"line":7,"column":35},"end":{"line":7,"column":55}},"line":7},"1":{"name":"(anonymous_1)","decl":{"start":{"line":8,"column":15},"end":{"line":8,"column":16}},"loc":{"start":{"line":8,"column":36},"end":{"line":8,"column":56}},"line":8},"2":{"name":"(anonymous_2)","decl":{"start":{"line":9,"column":18},"end":{"line":9,"column":19}},"loc":{"start":{"line":10,"column":4},"end":{"line":10,"column":50}},"line":10},"3":{"name":"(anonymous_3)","decl":{"start":{"line":13,"column":11},"end":{"line":13,"column":12}},"loc":{"start":{"line":14,"column":4},"end":{"line":17,"column":5}},"line":14},"4":{"name":"(anonymous_4)","decl":{"start":{"line":15,"column":6},"end":{"line":15,"column":7}},"loc":{"start":{"line":15,"column":17},"end":{"line":15,"column":26}},"line":15},"5":{"name":"(anonymous_5)","decl":{"start":{"line":16,"column":6},"end":{"line":16,"column":7}},"loc":{"start":{"line":16,"column":12},"end":{"line":16,"column":46}},"line":16},"6":{"name":"(anonymous_6)","decl":{"start":{"line":18,"column":2},"end":{"line":18,"column":3}},"loc":{"start":{"line":18,"column":11},"end":{"line":25,"column":3}},"line":18},"7":{"name":"(anonymous_7)","decl":{"start":{"line":19,"column":51},"end":{"line":19,"column":52}},"loc":{"start":{"line":20,"column":6},"end":{"line":23,"column":8}},"line":20},"8":{"name":"Usage","decl":{"start":{"line":28,"column":9},"end":{"line":28,"column":14}},"loc":{"start":{"line":30,"column":3},"end":{"line":38,"column":1}},"line":30},"9":{"name":"(anonymous_9)","decl":{"start":{"line":29,"column":13},"end":{"line":29,"column":14}},"loc":{"start":{"line":29,"column":26},"end":{"line":29,"column":58}},"line":29}},"branchMap":{"0":{"loc":{"start":{"line":7,"column":35},"end":{"line":7,"column":55}},"type":"cond-expr","locations":[{"start":{"line":7,"column":40},"end":{"line":7,"column":48}},{"start":{"line":7,"column":51},"end":{"line":7,"column":55}}],"line":7},"1":{"loc":{"start":{"line":8,"column":36},"end":{"line":8,"column":56}},"type":"cond-expr","locations":[{"start":{"line":8,"column":41},"end":{"line":8,"column":45}},{"start":{"line":8,"column":48},"end":{"line":8,"column":56}}],"line":8},"2":{"loc":{"start":{"line":29,"column":2},"end":{"line":29,"column":58}},"type":"default-arg","locations":[{"start":{"line":29,"column":13},"end":{"line":29,"column":58}}],"line":29}},"s":{"0":2,"1":2,"2":2,"3":1,"4":1,"5":1,"6":2,"7":6,"8":0,"9":1,"10":1},"f":{"0":2,"1":2,"2":2,"3":1,"4":1,"5":1,"6":2,"7":6,"8":1,"9":0},"b":{"0":[1,1],"1":[1,1],"2":[0]},"_coverageSchema":"332fd63041d2c1bcb487cc26dd0d5f7d97098a6c","hash":"2588b1961f8103299fc121c793739ece66acb26f"}
,"/Users/jonathan/Desktop/advanced-react-patternsv2/src/exercises-final/03.extra-1.js": {"path":"/Users/jonathan/Desktop/advanced-react-patternsv2/src/exercises-final/03.extra-1.js","statementMap":{"0":{"start":{"line":4,"column":0},"end":{"line":null,"column":-1}},"1":{"start":{"line":5,"column":0},"end":{"line":null,"column":-1}},"2":{"start":{"line":7,"column":22},"end":{"line":7,"column":0}},"3":{"start":{"line":10,"column":2},"end":{"line":null,"column":-1}},"4":{"start":{"line":13,"column":8},"end":{"line":17,"column":9}},"5":{"start":{"line":14,"column":10},"end":{"line":null,"column":-1}},"6":{"start":{"line":18,"column":8},"end":{"line":null,"column":-1}},"7":{"start":{"line":24,"column":37},"end":{"line":null,"column":-1}},"8":{"start":{"line":44,"column":4},"end":{"line":24,"column":37}},"9":{"start":{"line":45,"column":17},"end":{"line":45,"column":6}},"10":{"start":{"line":46,"column":12},"end":{"line":44,"column":4}},"11":{"start":{"line":49,"column":4},"end":{"line":null,"column":-1}},"12":{"start":{"line":27,"column":18},"end":{"line":26,"column":4}},"13":{"start":{"line":32,"column":18},"end":{"line":31,"column":4}},"14":{"start":{"line":38,"column":8},"end":{"line":36,"column":4}},"15":{"start":{"line":60,"column":26},"end":{"line":59,"column":15}},"16":{"start":{"line":62,"column":2},"end":{"line":null,"column":-1}},"17":{"start":{"line":72,"column":0},"end":{"line":null,"column":-1}}},"fnMap":{"0":{"name":"ToggleConsumer","decl":{"start":{"line":9,"column":9},"end":{"line":9,"column":0}},"loc":{"start":{"line":9,"column":31},"end":{"line":22,"column":1}}},"1":{"name":"(anonymous_2)","decl":{"start":{"line":12,"column":7},"end":{"line":12,"column":17}},"loc":{"start":{"line":12,"column":18},"end":{"line":11,"column":4}}},"2":{"name":"(anonymous_3)","decl":{"start":{"line":24,"column":37},"end":{"line":null,"column":-1}},"loc":{"start":{"line":24,"column":37},"end":{"line":null,"column":-1}}},"3":{"name":"(anonymous_4)","decl":{"start":{"line":43,"column":11},"end":{"line":null,"column":-1}},"loc":{"start":{"line":44,"column":4},"end":{"line":24,"column":37}}},"4":{"name":"(anonymous_5)","decl":{"start":{"line":45,"column":6},"end":{"line":45,"column":7}},"loc":{"start":{"line":45,"column":17},"end":{"line":45,"column":6}}},"5":{"name":"(anonymous_6)","decl":{"start":{"line":46,"column":6},"end":{"line":46,"column":11}},"loc":{"start":{"line":46,"column":12},"end":{"line":44,"column":4}}},"6":{"name":"(anonymous_7)","decl":{"start":{"line":48,"column":2},"end":{"line":48,"column":10}},"loc":{"start":{"line":48,"column":11},"end":{"line":24,"column":37}}},"7":{"name":"(anonymous_9)","decl":{"start":{"line":27,"column":7},"end":{"line":27,"column":8}},"loc":{"start":{"line":27,"column":18},"end":{"line":26,"column":4}}},"8":{"name":"(anonymous_11)","decl":{"start":{"line":32,"column":7},"end":{"line":32,"column":8}},"loc":{"start":{"line":32,"column":18},"end":{"line":31,"column":4}}},"9":{"name":"(anonymous_13)","decl":{"start":{"line":37,"column":7},"end":{"line":37,"column":8}},"loc":{"start":{"line":38,"column":8},"end":{"line":36,"column":4}}},"10":{"name":"Usage","decl":{"start":{"line":59,"column":9},"end":{"line":59,"column":0}},"loc":{"start":{"line":61,"column":3},"end":{"line":71,"column":1}}},"11":{"name":"(anonymous_15)","decl":{"start":{"line":60,"column":13},"end":{"line":60,"column":14}},"loc":{"start":{"line":60,"column":26},"end":{"line":59,"column":15}}}},"branchMap":{"0":{"loc":{"start":{"line":13,"column":8},"end":{"line":17,"column":9}},"type":"if","locations":[{"start":{"line":13,"column":8},"end":{"line":17,"column":9}},{"start":{"line":13,"column":8},"end":{"line":17,"column":9}}]},"1":{"loc":{"start":{"line":27,"column":23},"end":{"line":27,"column":18}},"type":"cond-expr","locations":[{"start":{"line":27,"column":23},"end":{"line":27,"column":18}},{"start":{"line":27,"column":34},"end":{"line":26,"column":4}}]},"2":{"loc":{"start":{"line":32,"column":23},"end":{"line":32,"column":18}},"type":"cond-expr","locations":[{"start":{"line":32,"column":23},"end":{"line":32,"column":18}},{"start":{"line":32,"column":30},"end":{"line":31,"column":4}}]},"3":{"loc":{"start":{"line":60,"column":13},"end":{"line":59,"column":15}},"type":"default-arg","locations":[{"start":{"line":60,"column":13},"end":{"line":59,"column":15}}]}},"s":{"0":0,"1":0,"2":0,"3":0,"4":0,"5":0,"6":0,"7":0,"8":0,"9":0,"10":0,"11":0,"12":0,"13":0,"14":0,"15":0,"16":0,"17":0},"f":{"0":0,"1":0,"2":0,"3":0,"4":0,"5":0,"6":0,"7":0,"8":0,"9":0,"10":0,"11":0},"b":{"0":[0,0],"1":[0,0],"2":[0,0],"3":[0]}}
,"/Users/jonathan/Desktop/advanced-react-patternsv2/src/exercises-final/03.extra-2.js": {"path":"/Users/jonathan/Desktop/advanced-react-patternsv2/src/exercises-final/03.extra-2.js","statementMap":{"0":{"start":{"line":4,"column":0},"end":{"line":null,"column":-1}},"1":{"start":{"line":5,"column":0},"end":{"line":null,"column":-1}},"2":{"start":{"line":7,"column":22},"end":{"line":7,"column":0}},"3":{"start":{"line":10,"column":2},"end":{"line":null,"column":-1}},"4":{"start":{"line":13,"column":8},"end":{"line":17,"column":9}},"5":{"start":{"line":14,"column":10},"end":{"line":null,"column":-1}},"6":{"start":{"line":18,"column":8},"end":{"line":null,"column":-1}},"7":{"start":{"line":24,"column":37},"end":{"line":null,"column":-1}},"8":{"start":{"line":47,"column":4},"end":{"line":24,"column":37}},"9":{"start":{"line":48,"column":17},"end":{"line":48,"column":6}},"10":{"start":{"line":49,"column":12},"end":{"line":47,"column":4}},"11":{"start":{"line":53,"column":4},"end":{"line":null,"column":-1}},"12":{"start":{"line":27,"column":18},"end":{"line":26,"column":4}},"13":{"start":{"line":32,"column":18},"end":{"line":31,"column":4}},"14":{"start":{"line":38,"column":8},"end":{"line":36,"column":4}},"15":{"start":{"line":62,"column":26},"end":{"line":61,"column":15}},"16":{"start":{"line":64,"column":2},"end":{"line":null,"column":-1}},"17":{"start":{"line":74,"column":0},"end":{"line":null,"column":-1}}},"fnMap":{"0":{"name":"ToggleConsumer","decl":{"start":{"line":9,"column":9},"end":{"line":9,"column":0}},"loc":{"start":{"line":9,"column":31},"end":{"line":22,"column":1}}},"1":{"name":"(anonymous_2)","decl":{"start":{"line":12,"column":7},"end":{"line":12,"column":17}},"loc":{"start":{"line":12,"column":18},"end":{"line":11,"column":4}}},"2":{"name":"(anonymous_3)","decl":{"start":{"line":24,"column":37},"end":{"line":null,"column":-1}},"loc":{"start":{"line":24,"column":37},"end":{"line":null,"column":-1}}},"3":{"name":"(anonymous_4)","decl":{"start":{"line":46,"column":11},"end":{"line":null,"column":-1}},"loc":{"start":{"line":47,"column":4},"end":{"line":24,"column":37}}},"4":{"name":"(anonymous_5)","decl":{"start":{"line":48,"column":6},"end":{"line":48,"column":7}},"loc":{"start":{"line":48,"column":17},"end":{"line":48,"column":6}}},"5":{"name":"(anonymous_6)","decl":{"start":{"line":49,"column":6},"end":{"line":49,"column":11}},"loc":{"start":{"line":49,"column":12},"end":{"line":47,"column":4}}},"6":{"name":"(anonymous_7)","decl":{"start":{"line":52,"column":2},"end":{"line":52,"column":10}},"loc":{"start":{"line":52,"column":11},"end":{"line":24,"column":37}}},"7":{"name":"(anonymous_9)","decl":{"start":{"line":27,"column":7},"end":{"line":27,"column":8}},"loc":{"start":{"line":27,"column":18},"end":{"line":26,"column":4}}},"8":{"name":"(anonymous_11)","decl":{"start":{"line":32,"column":7},"end":{"line":32,"column":8}},"loc":{"start":{"line":32,"column":18},"end":{"line":31,"column":4}}},"9":{"name":"(anonymous_13)","decl":{"start":{"line":37,"column":7},"end":{"line":37,"column":8}},"loc":{"start":{"line":38,"column":8},"end":{"line":36,"column":4}}},"10":{"name":"Usage","decl":{"start":{"line":61,"column":9},"end":{"line":61,"column":0}},"loc":{"start":{"line":63,"column":3},"end":{"line":73,"column":1}}},"11":{"name":"(anonymous_15)","decl":{"start":{"line":62,"column":13},"end":{"line":62,"column":14}},"loc":{"start":{"line":62,"column":26},"end":{"line":61,"column":15}}}},"branchMap":{"0":{"loc":{"start":{"line":13,"column":8},"end":{"line":17,"column":9}},"type":"if","locations":[{"start":{"line":13,"column":8},"end":{"line":17,"column":9}},{"start":{"line":13,"column":8},"end":{"line":17,"column":9}}]},"1":{"loc":{"start":{"line":27,"column":23},"end":{"line":27,"column":18}},"type":"cond-expr","locations":[{"start":{"line":27,"column":23},"end":{"line":27,"column":18}},{"start":{"line":27,"column":34},"end":{"line":26,"column":4}}]},"2":{"loc":{"start":{"line":32,"column":23},"end":{"line":32,"column":18}},"type":"cond-expr","locations":[{"start":{"line":32,"column":23},"end":{"line":32,"column":18}},{"start":{"line":32,"column":30},"end":{"line":31,"column":4}}]},"3":{"loc":{"start":{"line":62,"column":13},"end":{"line":61,"column":15}},"type":"default-arg","locations":[{"start":{"line":62,"column":13},"end":{"line":61,"column":15}}]}},"s":{"0":0,"1":0,"2":0,"3":0,"4":0,"5":0,"6":0,"7":0,"8":0,"9":0,"10":0,"11":0,"12":0,"13":0,"14":0,"15":0,"16":0,"17":0},"f":{"0":0,"1":0,"2":0,"3":0,"4":0,"5":0,"6":0,"7":0,"8":0,"9":0,"10":0,"11":0},"b":{"0":[0,0],"1":[0,0],"2":[0,0],"3":[0]}}
,"/Users/jonathan/Desktop/advanced-react-patternsv2/src/exercises-final/03.js": {"path":"/Users/jonathan/Desktop/advanced-react-patternsv2/src/exercises-final/03.js","statementMap":{"0":{"start":{"line":6,"column":22},"end":{"line":6,"column":43}},"1":{"start":{"line":10,"column":4},"end":{"line":12,"column":29}},"2":{"start":{"line":11,"column":18},"end":{"line":11,"column":38}},"3":{"start":{"line":15,"column":4},"end":{"line":17,"column":29}},"4":{"start":{"line":16,"column":18},"end":{"line":16,"column":38}},"5":{"start":{"line":20,"column":4},"end":{"line":24,"column":29}},"6":{"start":{"line":22,"column":8},"end":{"line":22,"column":54}},"7":{"start":{"line":28,"column":4},"end":{"line":31,"column":5}},"8":{"start":{"line":29,"column":17},"end":{"line":29,"column":26}},"9":{"start":{"line":30,"column":12},"end":{"line":30,"column":46}},"10":{"start":{"line":33,"column":4},"end":{"line":39,"column":5}},"11":{"start":{"line":44,"column":26},"end":{"line":44,"column":58}},"12":{"start":{"line":46,"column":2},"end":{"line":54,"column":3}},"13":{"start":{"line":56,"column":0},"end":{"line":56,"column":44}}},"fnMap":{"0":{"name":"(anonymous_0)","decl":{"start":{"line":9,"column":14},"end":{"line":9,"column":15}},"loc":{"start":{"line":10,"column":4},"end":{"line":12,"column":29}},"line":10},"1":{"name":"(anonymous_1)","decl":{"start":{"line":11,"column":7},"end":{"line":11,"column":8}},"loc":{"start":{"line":11,"column":18},"end":{"line":11,"column":38}},"line":11},"2":{"name":"(anonymous_2)","decl":{"start":{"line":14,"column":15},"end":{"line":14,"column":16}},"loc":{"start":{"line":15,"column":4},"end":{"line":17,"column":29}},"line":15},"3":{"name":"(anonymous_3)","decl":{"start":{"line":16,"column":7},"end":{"line":16,"column":8}},"loc":{"start":{"line":16,"column":18},"end":{"line":16,"column":38}},"line":16},"4":{"name":"(anonymous_4)","decl":{"start":{"line":19,"column":18},"end":{"line":19,"column":19}},"loc":{"start":{"line":20,"column":4},"end":{"line":24,"column":29}},"line":20},"5":{"name":"(anonymous_5)","decl":{"start":{"line":21,"column":7},"end":{"line":21,"column":8}},"loc":{"start":{"line":22,"column":8},"end":{"line":22,"column":54}},"line":22},"6":{"name":"(anonymous_6)","decl":{"start":{"line":27,"column":11},"end":{"line":27,"column":12}},"loc":{"start":{"line":28,"column":4},"end":{"line":31,"column":5}},"line":28},"7":{"name":"(anonymous_7)","decl":{"start":{"line":29,"column":6},"end":{"line":29,"column":7}},"loc":{"start":{"line":29,"column":17},"end":{"line":29,"column":26}},"line":29},"8":{"name":"(anonymous_8)","decl":{"start":{"line":30,"column":6},"end":{"line":30,"column":7}},"loc":{"start":{"line":30,"column":12},"end":{"line":30,"column":46}},"line":30},"9":{"name":"(anonymous_9)","decl":{"start":{"line":32,"column":2},"end":{"line":32,"column":3}},"loc":{"start":{"line":32,"column":11},"end":{"line":40,"column":3}},"line":32},"10":{"name":"Usage","decl":{"start":{"line":43,"column":9},"end":{"line":43,"column":14}},"loc":{"start":{"line":45,"column":3},"end":{"line":55,"column":1}},"line":45},"11":{"name":"(anonymous_11)","decl":{"start":{"line":44,"column":13},"end":{"line":44,"column":14}},"loc":{"start":{"line":44,"column":26},"end":{"line":44,"column":58}},"line":44}},"branchMap":{"0":{"loc":{"start":{"line":11,"column":18},"end":{"line":11,"column":38}},"type":"cond-expr","locations":[{"start":{"line":11,"column":23},"end":{"line":11,"column":31}},{"start":{"line":11,"column":34},"end":{"line":11,"column":38}}],"line":11},"1":{"loc":{"start":{"line":16,"column":18},"end":{"line":16,"column":38}},"type":"cond-expr","locations":[{"start":{"line":16,"column":23},"end":{"line":16,"column":27}},{"start":{"line":16,"column":30},"end":{"line":16,"column":38}}],"line":16},"2":{"loc":{"start":{"line":44,"column":2},"end":{"line":44,"column":58}},"type":"default-arg","locations":[{"start":{"line":44,"column":13},"end":{"line":44,"column":58}}],"line":44}},"s":{"0":1,"1":1,"2":2,"3":1,"4":2,"5":1,"6":2,"7":1,"8":1,"9":1,"10":2,"11":0,"12":1,"13":1},"f":{"0":1,"1":2,"2":1,"3":2,"4":1,"5":2,"6":1,"7":1,"8":1,"9":2,"10":1,"11":0},"b":{"0":[1,1],"1":[1,1],"2":[0]},"_coverageSchema":"332fd63041d2c1bcb487cc26dd0d5f7d97098a6c","hash":"4799abe5a6d36500e97a4f6c48e2884496001f0b"}
,"/Users/jonathan/Desktop/advanced-react-patternsv2/src/exercises-final/04.js": {"path":"/Users/jonathan/Desktop/advanced-react-patternsv2/src/exercises-final/04.js","statementMap":{"0":{"start":{"line":9,"column":4},"end":{"line":12,"column":5}},"1":{"start":{"line":10,"column":17},"end":{"line":10,"column":26}},"2":{"start":{"line":11,"column":12},"end":{"line":11,"column":46}},"3":{"start":{"line":14,"column":4},"end":{"line":17,"column":5}},"4":{"start":{"line":20,"column":4},"end":{"line":20,"column":57}},"5":{"start":{"line":25,"column":26},"end":{"line":25,"column":58}},"6":{"start":{"line":27,"column":2},"end":{"line":40,"column":3}},"7":{"start":{"line":30,"column":8},"end":{"line":37,"column":14}},"8":{"start":{"line":42,"column":0},"end":{"line":42,"column":28}}},"fnMap":{"0":{"name":"(anonymous_0)","decl":{"start":{"line":8,"column":11},"end":{"line":8,"column":12}},"loc":{"start":{"line":9,"column":4},"end":{"line":12,"column":5}},"line":9},"1":{"name":"(anonymous_1)","decl":{"start":{"line":10,"column":6},"end":{"line":10,"column":7}},"loc":{"start":{"line":10,"column":17},"end":{"line":10,"column":26}},"line":10},"2":{"name":"(anonymous_2)","decl":{"start":{"line":11,"column":6},"end":{"line":11,"column":7}},"loc":{"start":{"line":11,"column":12},"end":{"line":11,"column":46}},"line":11},"3":{"name":"(anonymous_3)","decl":{"start":{"line":13,"column":2},"end":{"line":13,"column":3}},"loc":{"start":{"line":13,"column":23},"end":{"line":18,"column":3}},"line":13},"4":{"name":"(anonymous_4)","decl":{"start":{"line":19,"column":2},"end":{"line":19,"column":3}},"loc":{"start":{"line":19,"column":11},"end":{"line":21,"column":3}},"line":19},"5":{"name":"Usage","decl":{"start":{"line":24,"column":9},"end":{"line":24,"column":14}},"loc":{"start":{"line":26,"column":3},"end":{"line":41,"column":1}},"line":26},"6":{"name":"(anonymous_6)","decl":{"start":{"line":25,"column":13},"end":{"line":25,"column":14}},"loc":{"start":{"line":25,"column":26},"end":{"line":25,"column":58}},"line":25},"7":{"name":"(anonymous_7)","decl":{"start":{"line":29,"column":7},"end":{"line":29,"column":8}},"loc":{"start":{"line":30,"column":8},"end":{"line":37,"column":14}},"line":30}},"branchMap":{"0":{"loc":{"start":{"line":25,"column":2},"end":{"line":25,"column":58}},"type":"default-arg","locations":[{"start":{"line":25,"column":13},"end":{"line":25,"column":58}}],"line":25},"1":{"loc":{"start":{"line":31,"column":11},"end":{"line":31,"column":56}},"type":"cond-expr","locations":[{"start":{"line":31,"column":16},"end":{"line":31,"column":34}},{"start":{"line":31,"column":37},"end":{"line":31,"column":56}}],"line":31},"2":{"loc":{"start":{"line":35,"column":13},"end":{"line":35,"column":30}},"type":"cond-expr","locations":[{"start":{"line":35,"column":18},"end":{"line":35,"column":22}},{"start":{"line":35,"column":25},"end":{"line":35,"column":30}}],"line":35}},"s":{"0":2,"1":2,"2":2,"3":4,"4":4,"5":0,"6":2,"7":4,"8":1},"f":{"0":2,"1":2,"2":2,"3":4,"4":4,"5":2,"6":0,"7":4},"b":{"0":[0],"1":[2,2],"2":[2,2]},"_coverageSchema":"332fd63041d2c1bcb487cc26dd0d5f7d97098a6c","hash":"3b11f4d1a6da940fb92624ff264e73c782fbb5df"}
,"/Users/jonathan/Desktop/advanced-react-patternsv2/src/exercises-final/05.js": {"path":"/Users/jonathan/Desktop/advanced-react-patternsv2/src/exercises-final/05.js","statementMap":{"0":{"start":{"line":9,"column":4},"end":{"line":12,"column":5}},"1":{"start":{"line":10,"column":17},"end":{"line":10,"column":26}},"2":{"start":{"line":11,"column":12},"end":{"line":11,"column":46}},"3":{"start":{"line":14,"column":4},"end":{"line":21,"column":5}},"4":{"start":{"line":24,"column":4},"end":{"line":24,"column":57}},"5":{"start":{"line":29,"column":26},"end":{"line":29,"column":58}},"6":{"start":{"line":31,"column":2},"end":{"line":43,"column":3}},"7":{"start":{"line":34,"column":8},"end":{"line":40,"column":14}},"8":{"start":{"line":45,"column":0},"end":{"line":45,"column":32}}},"fnMap":{"0":{"name":"(anonymous_0)","decl":{"start":{"line":8,"column":11},"end":{"line":8,"column":12}},"loc":{"start":{"line":9,"column":4},"end":{"line":12,"column":5}},"line":9},"1":{"name":"(anonymous_1)","decl":{"start":{"line":10,"column":6},"end":{"line":10,"column":7}},"loc":{"start":{"line":10,"column":17},"end":{"line":10,"column":26}},"line":10},"2":{"name":"(anonymous_2)","decl":{"start":{"line":11,"column":6},"end":{"line":11,"column":7}},"loc":{"start":{"line":11,"column":12},"end":{"line":11,"column":46}},"line":11},"3":{"name":"(anonymous_3)","decl":{"start":{"line":13,"column":2},"end":{"line":13,"column":3}},"loc":{"start":{"line":13,"column":23},"end":{"line":22,"column":3}},"line":13},"4":{"name":"(anonymous_4)","decl":{"start":{"line":23,"column":2},"end":{"line":23,"column":3}},"loc":{"start":{"line":23,"column":11},"end":{"line":25,"column":3}},"line":23},"5":{"name":"Usage","decl":{"start":{"line":28,"column":9},"end":{"line":28,"column":14}},"loc":{"start":{"line":30,"column":3},"end":{"line":44,"column":1}},"line":30},"6":{"name":"(anonymous_6)","decl":{"start":{"line":29,"column":13},"end":{"line":29,"column":14}},"loc":{"start":{"line":29,"column":26},"end":{"line":29,"column":58}},"line":29},"7":{"name":"(anonymous_7)","decl":{"start":{"line":33,"column":7},"end":{"line":33,"column":8}},"loc":{"start":{"line":34,"column":8},"end":{"line":40,"column":14}},"line":34}},"branchMap":{"0":{"loc":{"start":{"line":29,"column":2},"end":{"line":29,"column":58}},"type":"default-arg","locations":[{"start":{"line":29,"column":13},"end":{"line":29,"column":58}}],"line":29},"1":{"loc":{"start":{"line":38,"column":13},"end":{"line":38,"column":30}},"type":"cond-expr","locations":[{"start":{"line":38,"column":18},"end":{"line":38,"column":22}},{"start":{"line":38,"column":25},"end":{"line":38,"column":30}}],"line":38}},"s":{"0":2,"1":2,"2":2,"3":4,"4":4,"5":0,"6":2,"7":4,"8":1},"f":{"0":2,"1":2,"2":2,"3":4,"4":4,"5":2,"6":0,"7":4},"b":{"0":[0],"1":[2,2]},"_coverageSchema":"332fd63041d2c1bcb487cc26dd0d5f7d97098a6c","hash":"b28dcbd3841d042b03730c1196fa841d9aae24fe"}
,"/Users/jonathan/Desktop/advanced-react-patternsv2/src/exercises-final/06.js": {"path":"/Users/jonathan/Desktop/advanced-react-patternsv2/src/exercises-final/06.js","statementMap":{"0":{"start":{"line":6,"column":16},"end":{"line":7,"column":38}},"1":{"start":{"line":6,"column":28},"end":{"line":7,"column":38}},"2":{"start":{"line":7,"column":2},"end":{"line":7,"column":38}},"3":{"start":{"line":7,"column":20},"end":{"line":7,"column":37}},"4":{"start":{"line":12,"column":4},"end":{"line":15,"column":5}},"5":{"start":{"line":13,"column":17},"end":{"line":13,"column":26}},"6":{"start":{"line":14,"column":12},"end":{"line":14,"column":46}},"7":{"start":{"line":16,"column":51},"end":{"line":20,"column":3}},"8":{"start":{"line":22,"column":4},"end":{"line":26,"column":5}},"9":{"start":{"line":29,"column":4},"end":{"line":29,"column":57}},"10":{"start":{"line":34,"column":26},"end":{"line":34,"column":58}},"11":{"start":{"line":35,"column":24},"end":{"line":35,"column":52}},"12":{"start":{"line":37,"column":2},"end":{"line":55,"column":3}},"13":{"start":{"line":40,"column":8},"end":{"line":52,"column":14}},"14":{"start":{"line":57,"column":0},"end":{"line":57,"column":28}}},"fnMap":{"0":{"name":"(anonymous_0)","decl":{"start":{"line":6,"column":16},"end":{"line":6,"column":17}},"loc":{"start":{"line":6,"column":28},"end":{"line":7,"column":38}},"line":6},"1":{"name":"(anonymous_1)","decl":{"start":{"line":6,"column":28},"end":{"line":6,"column":29}},"loc":{"start":{"line":7,"column":2},"end":{"line":7,"column":38}},"line":7},"2":{"name":"(anonymous_2)","decl":{"start":{"line":7,"column":14},"end":{"line":7,"column":15}},"loc":{"start":{"line":7,"column":20},"end":{"line":7,"column":37}},"line":7},"3":{"name":"(anonymous_3)","decl":{"start":{"line":11,"column":11},"end":{"line":11,"column":12}},"loc":{"start":{"line":12,"column":4},"end":{"line":15,"column":5}},"line":12},"4":{"name":"(anonymous_4)","decl":{"start":{"line":13,"column":6},"end":{"line":13,"column":7}},"loc":{"start":{"line":13,"column":17},"end":{"line":13,"column":26}},"line":13},"5":{"name":"(anonymous_5)","decl":{"start":{"line":14,"column":6},"end":{"line":14,"column":7}},"loc":{"start":{"line":14,"column":12},"end":{"line":14,"column":46}},"line":14},"6":{"name":"(anonymous_6)","decl":{"start":{"line":16,"column":20},"end":{"line":16,"column":21}},"loc":{"start":{"line":16,"column":51},"end":{"line":20,"column":3}},"line":16},"7":{"name":"(anonymous_7)","decl":{"start":{"line":21,"column":2},"end":{"line":21,"column":3}},"loc":{"start":{"line":21,"column":23},"end":{"line":27,"column":3}},"line":21},"8":{"name":"(anonymous_8)","decl":{"start":{"line":28,"column":2},"end":{"line":28,"column":3}},"loc":{"start":{"line":28,"column":11},"end":{"line":30,"column":3}},"line":28},"9":{"name":"Usage","decl":{"start":{"line":33,"column":9},"end":{"line":33,"column":14}},"loc":{"start":{"line":36,"column":3},"end":{"line":56,"column":1}},"line":36},"10":{"name":"(anonymous_10)","decl":{"start":{"line":34,"column":13},"end":{"line":34,"column":14}},"loc":{"start":{"line":34,"column":26},"end":{"line":34,"column":58}},"line":34},"11":{"name":"(anonymous_11)","decl":{"start":{"line":35,"column":18},"end":{"line":35,"column":19}},"loc":{"start":{"line":35,"column":24},"end":{"line":35,"column":52}},"line":35},"12":{"name":"(anonymous_12)","decl":{"start":{"line":39,"column":7},"end":{"line":39,"column":8}},"loc":{"start":{"line":40,"column":8},"end":{"line":52,"column":14}},"line":40}},"branchMap":{"0":{"loc":{"start":{"line":7,"column":20},"end":{"line":7,"column":37}},"type":"binary-expr","locations":[{"start":{"line":7,"column":20},"end":{"line":7,"column":22}},{"start":{"line":7,"column":26},"end":{"line":7,"column":37}}],"line":7},"1":{"loc":{"start":{"line":16,"column":21},"end":{"line":16,"column":45}},"type":"default-arg","locations":[{"start":{"line":16,"column":43},"end":{"line":16,"column":45}}],"line":16},"2":{"loc":{"start":{"line":34,"column":2},"end":{"line":34,"column":58}},"type":"default-arg","locations":[{"start":{"line":34,"column":13},"end":{"line":34,"column":58}}],"line":34},"3":{"loc":{"start":{"line":35,"column":2},"end":{"line":35,"column":52}},"type":"default-arg","locations":[{"start":{"line":35,"column":18},"end":{"line":35,"column":52}}],"line":35},"4":{"loc":{"start":{"line":50,"column":13},"end":{"line":50,"column":30}},"type":"cond-expr","locations":[{"start":{"line":50,"column":18},"end":{"line":50,"column":22}},{"start":{"line":50,"column":25},"end":{"line":50,"column":30}}],"line":50}},"s":{"0":1,"1":12,"2":3,"3":6,"4":3,"5":3,"6":3,"7":12,"8":6,"9":6,"10":0,"11":0,"12":3,"13":6,"14":1},"f":{"0":12,"1":3,"2":6,"3":3,"4":3,"5":3,"6":12,"7":6,"8":6,"9":3,"10":0,"11":0,"12":6},"b":{"0":[6,5],"1":[0],"2":[0],"3":[0],"4":[3,3]},"_coverageSchema":"332fd63041d2c1bcb487cc26dd0d5f7d97098a6c","hash":"545f7088bde3acebbab68060b83265ba49931660"}
,"/Users/jonathan/Desktop/advanced-react-patternsv2/src/exercises-final/07.js": {"path":"/Users/jonathan/Desktop/advanced-react-patternsv2/src/exercises-final/07.js","statementMap":{"0":{"start":{"line":6,"column":16},"end":{"line":7,"column":38}},"1":{"start":{"line":6,"column":28},"end":{"line":7,"column":38}},"2":{"start":{"line":7,"column":2},"end":{"line":7,"column":38}},"3":{"start":{"line":7,"column":20},"end":{"line":7,"column":37}},"4":{"start":{"line":17,"column":4},"end":{"line":19,"column":5}},"5":{"start":{"line":18,"column":6},"end":{"line":18,"column":39}},"6":{"start":{"line":21,"column":4},"end":{"line":24,"column":5}},"7":{"start":{"line":22,"column":17},"end":{"line":22,"column":26}},"8":{"start":{"line":23,"column":12},"end":{"line":23,"column":46}},"9":{"start":{"line":25,"column":51},"end":{"line":29,"column":3}},"10":{"start":{"line":31,"column":4},"end":{"line":36,"column":5}},"11":{"start":{"line":39,"column":4},"end":{"line":39,"column":57}},"12":{"start":{"line":45,"column":26},"end":{"line":45,"column":58}},"13":{"start":{"line":46,"column":25},"end":{"line":46,"column":56}},"14":{"start":{"line":48,"column":2},"end":{"line":62,"column":3}},"15":{"start":{"line":55,"column":8},"end":{"line":59,"column":14}},"16":{"start":{"line":58,"column":33},"end":{"line":58,"column":40}},"17":{"start":{"line":64,"column":0},"end":{"line":64,"column":34}}},"fnMap":{"0":{"name":"(anonymous_0)","decl":{"start":{"line":6,"column":16},"end":{"line":6,"column":17}},"loc":{"start":{"line":6,"column":28},"end":{"line":7,"column":38}},"line":6},"1":{"name":"(anonymous_1)","decl":{"start":{"line":6,"column":28},"end":{"line":6,"column":29}},"loc":{"start":{"line":7,"column":2},"end":{"line":7,"column":38}},"line":7},"2":{"name":"(anonymous_2)","decl":{"start":{"line":7,"column":14},"end":{"line":7,"column":15}},"loc":{"start":{"line":7,"column":20},"end":{"line":7,"column":37}},"line":7},"3":{"name":"(anonymous_3)","decl":{"start":{"line":12,"column":13},"end":{"line":12,"column":14}},"loc":{"start":{"line":12,"column":19},"end":{"line":12,"column":21}},"line":12},"4":{"name":"(anonymous_4)","decl":{"start":{"line":16,"column":10},"end":{"line":16,"column":11}},"loc":{"start":{"line":17,"column":4},"end":{"line":19,"column":5}},"line":17},"5":{"name":"(anonymous_5)","decl":{"start":{"line":17,"column":37},"end":{"line":17,"column":38}},"loc":{"start":{"line":18,"column":6},"end":{"line":18,"column":39}},"line":18},"6":{"name":"(anonymous_6)","decl":{"start":{"line":20,"column":11},"end":{"line":20,"column":12}},"loc":{"start":{"line":21,"column":4},"end":{"line":24,"column":5}},"line":21},"7":{"name":"(anonymous_7)","decl":{"start":{"line":22,"column":6},"end":{"line":22,"column":7}},"loc":{"start":{"line":22,"column":17},"end":{"line":22,"column":26}},"line":22},"8":{"name":"(anonymous_8)","decl":{"start":{"line":23,"column":6},"end":{"line":23,"column":7}},"loc":{"start":{"line":23,"column":12},"end":{"line":23,"column":46}},"line":23},"9":{"name":"(anonymous_9)","decl":{"start":{"line":25,"column":20},"end":{"line":25,"column":21}},"loc":{"start":{"line":25,"column":51},"end":{"line":29,"column":3}},"line":25},"10":{"name":"(anonymous_10)","decl":{"start":{"line":30,"column":2},"end":{"line":30,"column":3}},"loc":{"start":{"line":30,"column":23},"end":{"line":37,"column":3}},"line":30},"11":{"name":"(anonymous_11)","decl":{"start":{"line":38,"column":2},"end":{"line":38,"column":3}},"loc":{"start":{"line":38,"column":11},"end":{"line":40,"column":3}},"line":38},"12":{"name":"Usage","decl":{"start":{"line":43,"column":9},"end":{"line":43,"column":14}},"loc":{"start":{"line":47,"column":3},"end":{"line":63,"column":1}},"line":47},"13":{"name":"(anonymous_13)","decl":{"start":{"line":45,"column":13},"end":{"line":45,"column":14}},"loc":{"start":{"line":45,"column":26},"end":{"line":45,"column":58}},"line":45},"14":{"name":"(anonymous_14)","decl":{"start":{"line":46,"column":12},"end":{"line":46,"column":13}},"loc":{"start":{"line":46,"column":25},"end":{"line":46,"column":56}},"line":46},"15":{"name":"(anonymous_15)","decl":{"start":{"line":54,"column":7},"end":{"line":54,"column":8}},"loc":{"start":{"line":55,"column":8},"end":{"line":59,"column":14}},"line":55},"16":{"name":"(anonymous_16)","decl":{"start":{"line":58,"column":27},"end":{"line":58,"column":28}},"loc":{"start":{"line":58,"column":33},"end":{"line":58,"column":40}},"line":58}},"branchMap":{"0":{"loc":{"start":{"line":7,"column":20},"end":{"line":7,"column":37}},"type":"binary-expr","locations":[{"start":{"line":7,"column":20},"end":{"line":7,"column":22}},{"start":{"line":7,"column":26},"end":{"line":7,"column":37}}],"line":7},"1":{"loc":{"start":{"line":25,"column":21},"end":{"line":25,"column":45}},"type":"default-arg","locations":[{"start":{"line":25,"column":43},"end":{"line":25,"column":45}}],"line":25},"2":{"loc":{"start":{"line":44,"column":2},"end":{"line":44,"column":19}},"type":"default-arg","locations":[{"start":{"line":44,"column":14},"end":{"line":44,"column":19}}],"line":44},"3":{"loc":{"start":{"line":45,"column":2},"end":{"line":45,"column":58}},"type":"default-arg","locations":[{"start":{"line":45,"column":13},"end":{"line":45,"column":58}}],"line":45},"4":{"loc":{"start":{"line":46,"column":2},"end":{"line":46,"column":56}},"type":"default-arg","locations":[{"start":{"line":46,"column":12},"end":{"line":46,"column":56}}],"line":46}},"s":{"0":1,"1":5,"2":2,"3":4,"4":1,"5":1,"6":2,"7":2,"8":2,"9":5,"10":5,"11":5,"12":0,"13":0,"14":2,"15":5,"16":1,"17":1},"f":{"0":5,"1":2,"2":4,"3":0,"4":1,"5":1,"6":2,"7":2,"8":2,"9":5,"10":5,"11":5,"12":2,"13":0,"14":0,"15":5,"16":1},"b":{"0":[4,2],"1":[0],"2":[2],"3":[0],"4":[1]},"_coverageSchema":"332fd63041d2c1bcb487cc26dd0d5f7d97098a6c","hash":"4d6c760ae3eccf82074da82fb81b8dcf0096d3ef"}
,"/Users/jonathan/Desktop/advanced-react-patternsv2/src/exercises-final/08.js": {"path":"/Users/jonathan/Desktop/advanced-react-patternsv2/src/exercises-final/08.js","statementMap":{"0":{"start":{"line":6,"column":16},"end":{"line":7,"column":38}},"1":{"start":{"line":6,"column":28},"end":{"line":7,"column":38}},"2":{"start":{"line":7,"column":2},"end":{"line":7,"column":38}},"3":{"start":{"line":7,"column":20},"end":{"line":7,"column":37}},"4":{"start":{"line":13,"column":38},"end":{"line":13,"column":45}},"5":{"start":{"line":18,"column":4},"end":{"line":32,"column":16}},"6":{"start":{"line":21,"column":8},"end":{"line":21,"column":64}},"7":{"start":{"line":25,"column":8},"end":{"line":25,"column":59}},"8":{"start":{"line":29,"column":6},"end":{"line":31,"column":14}},"9":{"start":{"line":35,"column":4},"end":{"line":37,"column":5}},"10":{"start":{"line":36,"column":6},"end":{"line":36,"column":39}},"11":{"start":{"line":39,"column":4},"end":{"line":42,"column":5}},"12":{"start":{"line":40,"column":17},"end":{"line":40,"column":26}},"13":{"start":{"line":41,"column":12},"end":{"line":41,"column":46}},"14":{"start":{"line":43,"column":51},"end":{"line":47,"column":3}},"15":{"start":{"line":49,"column":4},"end":{"line":54,"column":5}},"16":{"start":{"line":57,"column":4},"end":{"line":57,"column":57}},"17":{"start":{"line":63,"column":27},"end":{"line":63,"column":59}},"18":{"start":{"line":64,"column":26},"end":{"line":64,"column":57}},"19":{"start":{"line":69,"column":4},"end":{"line":71,"column":7}},"20":{"start":{"line":69,"column":39},"end":{"line":71,"column":5}},"21":{"start":{"line":72,"column":4},"end":{"line":72,"column":32}},"22":{"start":{"line":75,"column":4},"end":{"line":75,"column":36}},"23":{"start":{"line":76,"column":4},"end":{"line":76,"column":31}},"24":{"start":{"line":79,"column":4},"end":{"line":81,"column":5}},"25":{"start":{"line":80,"column":6},"end":{"line":80,"column":36}},"26":{"start":{"line":82,"column":4},"end":{"line":82,"column":18}},"27":{"start":{"line":85,"column":27},"end":{"line":85,"column":37}},"28":{"start":{"line":86,"column":4},"end":{"line":113,"column":5}},"29":{"start":{"line":93,"column":10},"end":{"line":110,"column":16}},"30":{"start":{"line":116,"column":0},"end":{"line":116,"column":30}}},"fnMap":{"0":{"name":"(anonymous_0)","decl":{"start":{"line":6,"column":16},"end":{"line":6,"column":17}},"loc":{"start":{"line":6,"column":28},"end":{"line":7,"column":38}},"line":6},"1":{"name":"(anonymous_1)","decl":{"start":{"line":6,"column":28},"end":{"line":6,"column":29}},"loc":{"start":{"line":7,"column":2},"end":{"line":7,"column":38}},"line":7},"2":{"name":"(anonymous_2)","decl":{"start":{"line":7,"column":14},"end":{"line":7,"column":15}},"loc":{"start":{"line":7,"column":20},"end":{"line":7,"column":37}},"line":7},"3":{"name":"(anonymous_3)","decl":{"start":{"line":12,"column":13},"end":{"line":12,"column":14}},"loc":{"start":{"line":12,"column":19},"end":{"line":12,"column":21}},"line":12},"4":{"name":"(anonymous_4)","decl":{"start":{"line":13,"column":18},"end":{"line":13,"column":19}},"loc":{"start":{"line":13,"column":38},"end":{"line":13,"column":45}},"line":13},"5":{"name":"(anonymous_5)","decl":{"start":{"line":17,"column":2},"end":{"line":17,"column":3}},"loc":{"start":{"line":17,"column":38},"end":{"line":33,"column":3}},"line":17},"6":{"name":"(anonymous_6)","decl":{"start":{"line":18,"column":18},"end":{"line":18,"column":19}},"loc":{"start":{"line":18,"column":27},"end":{"line":32,"column":5}},"line":18},"7":{"name":"(anonymous_7)","decl":{"start":{"line":34,"column":10},"end":{"line":34,"column":11}},"loc":{"start":{"line":35,"column":4},"end":{"line":37,"column":5}},"line":35},"8":{"name":"(anonymous_8)","decl":{"start":{"line":35,"column":45},"end":{"line":35,"column":46}},"loc":{"start":{"line":36,"column":6},"end":{"line":36,"column":39}},"line":36},"9":{"name":"(anonymous_9)","decl":{"start":{"line":38,"column":11},"end":{"line":38,"column":12}},"loc":{"start":{"line":39,"column":4},"end":{"line":42,"column":5}},"line":39},"10":{"name":"(anonymous_10)","decl":{"start":{"line":40,"column":6},"end":{"line":40,"column":7}},"loc":{"start":{"line":40,"column":17},"end":{"line":40,"column":26}},"line":40},"11":{"name":"(anonymous_11)","decl":{"start":{"line":41,"column":6},"end":{"line":41,"column":7}},"loc":{"start":{"line":41,"column":12},"end":{"line":41,"column":46}},"line":41},"12":{"name":"(anonymous_12)","decl":{"start":{"line":43,"column":20},"end":{"line":43,"column":21}},"loc":{"start":{"line":43,"column":51},"end":{"line":47,"column":3}},"line":43},"13":{"name":"(anonymous_13)","decl":{"start":{"line":48,"column":2},"end":{"line":48,"column":3}},"loc":{"start":{"line":48,"column":23},"end":{"line":55,"column":3}},"line":48},"14":{"name":"(anonymous_14)","decl":{"start":{"line":56,"column":2},"end":{"line":56,"column":3}},"loc":{"start":{"line":56,"column":11},"end":{"line":58,"column":3}},"line":56},"15":{"name":"(anonymous_15)","decl":{"start":{"line":63,"column":14},"end":{"line":63,"column":15}},"loc":{"start":{"line":63,"column":27},"end":{"line":63,"column":59}},"line":63},"16":{"name":"(anonymous_16)","decl":{"start":{"line":64,"column":13},"end":{"line":64,"column":14}},"loc":{"start":{"line":64,"column":26},"end":{"line":64,"column":57}},"line":64},"17":{"name":"(anonymous_17)","decl":{"start":{"line":68,"column":17},"end":{"line":68,"column":18}},"loc":{"start":{"line":68,"column":30},"end":{"line":73,"column":3}},"line":68},"18":{"name":"(anonymous_18)","decl":{"start":{"line":69,"column":18},"end":{"line":69,"column":19}},"loc":{"start":{"line":69,"column":39},"end":{"line":71,"column":5}},"line":69},"19":{"name":"(anonymous_19)","decl":{"start":{"line":74,"column":16},"end":{"line":74,"column":17}},"loc":{"start":{"line":74,"column":29},"end":{"line":77,"column":3}},"line":74},"20":{"name":"(anonymous_20)","decl":{"start":{"line":78,"column":23},"end":{"line":78,"column":24}},"loc":{"start":{"line":78,"column":43},"end":{"line":83,"column":3}},"line":78},"21":{"name":"(anonymous_21)","decl":{"start":{"line":84,"column":2},"end":{"line":84,"column":3}},"loc":{"start":{"line":84,"column":11},"end":{"line":114,"column":3}},"line":84},"22":{"name":"(anonymous_22)","decl":{"start":{"line":92,"column":9},"end":{"line":92,"column":10}},"loc":{"start":{"line":93,"column":10},"end":{"line":110,"column":16}},"line":93}},"branchMap":{"0":{"loc":{"start":{"line":7,"column":20},"end":{"line":7,"column":37}},"type":"binary-expr","locations":[{"start":{"line":7,"column":20},"end":{"line":7,"column":22}},{"start":{"line":7,"column":26},"end":{"line":7,"column":37}}],"line":7},"1":{"loc":{"start":{"line":21,"column":8},"end":{"line":21,"column":64}},"type":"cond-expr","locations":[{"start":{"line":21,"column":40},"end":{"line":21,"column":54}},{"start":{"line":21,"column":57},"end":{"line":21,"column":64}}],"line":21},"2":{"loc":{"start":{"line":25,"column":8},"end":{"line":25,"column":59}},"type":"binary-expr","locations":[{"start":{"line":25,"column":8},"end":{"line":25,"column":53}},{"start":{"line":25,"column":57},"end":{"line":25,"column":59}}],"line":25},"3":{"loc":{"start":{"line":29,"column":13},"end":{"line":31,"column":14}},"type":"cond-expr","locations":[{"start":{"line":30,"column":10},"end":{"line":30,"column":24}},{"start":{"line":31,"column":10},"end":{"line":31,"column":14}}],"line":29},"4":{"loc":{"start":{"line":43,"column":21},"end":{"line":43,"column":45}},"type":"default-arg","locations":[{"start":{"line":43,"column":43},"end":{"line":43,"column":45}}],"line":43},"5":{"loc":{"start":{"line":79,"column":4},"end":{"line":81,"column":5}},"type":"if","locations":[{"start":{"line":79,"column":4},"end":{"line":81,"column":5}},{"start":{"line":79,"column":4},"end":{"line":81,"column":5}}],"line":79},"6":{"loc":{"start":{"line":99,"column":13},"end":{"line":108,"column":20}},"type":"cond-expr","locations":[{"start":{"line":100,"column":14},"end":{"line":103,"column":20}},{"start":{"line":104,"column":16},"end":{"line":108,"column":20}}],"line":99},"7":{"loc":{"start":{"line":104,"column":16},"end":{"line":108,"column":20}},"type":"cond-expr","locations":[{"start":{"line":105,"column":14},"end":{"line":107,"column":20}},{"start":{"line":108,"column":16},"end":{"line":108,"column":20}}],"line":104}},"s":{"0":1,"1":20,"2":8,"3":16,"4":0,"5":9,"6":9,"7":9,"8":9,"9":1,"10":1,"11":8,"12":8,"13":8,"14":20,"15":20,"16":20,"17":0,"18":0,"19":8,"20":8,"21":8,"22":1,"23":1,"24":9,"25":3,"26":6,"27":11,"28":11,"29":20,"30":1},"f":{"0":20,"1":8,"2":16,"3":0,"4":0,"5":9,"6":9,"7":1,"8":1,"9":8,"10":8,"11":8,"12":20,"13":20,"14":20,"15":0,"16":0,"17":8,"18":8,"19":1,"20":9,"21":11,"22":20},"b":{"0":[16,8],"1":[8,1],"2":[9,0],"3":[9,0],"4":[0],"5":[3,6],"6":[4,16],"7":[10,6]},"_coverageSchema":"332fd63041d2c1bcb487cc26dd0d5f7d97098a6c","hash":"75c43e9aa803ed4ee67ed621d9d3715366813b08"}
,"/Users/jonathan/Desktop/advanced-react-patternsv2/src/exercises-final/09.js": {"path":"/Users/jonathan/Desktop/advanced-react-patternsv2/src/exercises-final/09.js","statementMap":{"0":{"start":{"line":6,"column":16},"end":{"line":7,"column":38}},"1":{"start":{"line":6,"column":28},"end":{"line":7,"column":38}},"2":{"start":{"line":7,"column":2},"end":{"line":7,"column":38}},"3":{"start":{"line":7,"column":20},"end":{"line":7,"column":37}},"4":{"start":{"line":13,"column":38},"end":{"line":13,"column":45}},"5":{"start":{"line":26,"column":4},"end":{"line":40,"column":16}},"6":{"start":{"line":29,"column":8},"end":{"line":29,"column":64}},"7":{"start":{"line":33,"column":8},"end":{"line":33,"column":59}},"8":{"start":{"line":36,"column":50},"end":{"line":36,"column":64}},"9":{"start":{"line":39,"column":6},"end":{"line":39,"column":65}},"10":{"start":{"line":44,"column":4},"end":{"line":47,"column":5}},"11":{"start":{"line":46,"column":12},"end":{"line":46,"column":45}},"12":{"start":{"line":49,"column":4},"end":{"line":52,"column":5}},"13":{"start":{"line":50,"column":17},"end":{"line":50,"column":32}},"14":{"start":{"line":51,"column":12},"end":{"line":51,"column":46}},"15":{"start":{"line":53,"column":51},"end":{"line":57,"column":3}},"16":{"start":{"line":54,"column":36},"end":{"line":54,"column":49}},"17":{"start":{"line":59,"column":4},"end":{"line":64,"column":5}},"18":{"start":{"line":67,"column":4},"end":{"line":67,"column":57}},"19":{"start":{"line":73,"column":27},"end":{"line":73,"column":59}},"20":{"start":{"line":74,"column":26},"end":{"line":74,"column":57}},"21":{"start":{"line":79,"column":4},"end":{"line":81,"column":7}},"22":{"start":{"line":79,"column":39},"end":{"line":81,"column":5}},"23":{"start":{"line":82,"column":4},"end":{"line":82,"column":32}},"24":{"start":{"line":85,"column":4},"end":{"line":85,"column":36}},"25":{"start":{"line":86,"column":4},"end":{"line":86,"column":31}},"26":{"start":{"line":89,"column":4},"end":{"line":91,"column":5}},"27":{"start":{"line":90,"column":6},"end":{"line":90,"column":20}},"28":{"start":{"line":92,"column":4},"end":{"line":94,"column":5}},"29":{"start":{"line":93,"column":6},"end":{"line":93,"column":36}},"30":{"start":{"line":95,"column":4},"end":{"line":95,"column":18}},"31":{"start":{"line":98,"column":27},"end":{"line":98,"column":37}},"32":{"start":{"line":99,"column":4},"end":{"line":131,"column":5}},"33":{"start":{"line":107,"column":10},"end":{"line":128,"column":16}},"34":{"start":{"line":117,"column":39},"end":{"line":117,"column":63}},"35":{"start":{"line":134,"column":0},"end":{"line":134,"column":50}}},"fnMap":{"0":{"name":"(anonymous_0)","decl":{"start":{"line":6,"column":16},"end":{"line":6,"column":17}},"loc":{"start":{"line":6,"column":28},"end":{"line":7,"column":38}},"line":6},"1":{"name":"(anonymous_1)","decl":{"start":{"line":6,"column":28},"end":{"line":6,"column":29}},"loc":{"start":{"line":7,"column":2},"end":{"line":7,"column":38}},"line":7},"2":{"name":"(anonymous_2)","decl":{"start":{"line":7,"column":14},"end":{"line":7,"column":15}},"loc":{"start":{"line":7,"column":20},"end":{"line":7,"column":37}},"line":7},"3":{"name":"(anonymous_3)","decl":{"start":{"line":12,"column":13},"end":{"line":12,"column":14}},"loc":{"start":{"line":12,"column":19},"end":{"line":12,"column":21}},"line":12},"4":{"name":"(anonymous_4)","decl":{"start":{"line":13,"column":18},"end":{"line":13,"column":19}},"loc":{"start":{"line":13,"column":38},"end":{"line":13,"column":45}},"line":13},"5":{"name":"(anonymous_5)","decl":{"start":{"line":25,"column":2},"end":{"line":25,"column":3}},"loc":{"start":{"line":25,"column":38},"end":{"line":41,"column":3}},"line":25},"6":{"name":"(anonymous_6)","decl":{"start":{"line":26,"column":18},"end":{"line":26,"column":19}},"loc":{"start":{"line":26,"column":27},"end":{"line":40,"column":5}},"line":26},"7":{"name":"(anonymous_7)","decl":{"start":{"line":43,"column":10},"end":{"line":43,"column":11}},"loc":{"start":{"line":44,"column":4},"end":{"line":47,"column":5}},"line":44},"8":{"name":"(anonymous_8)","decl":{"start":{"line":46,"column":6},"end":{"line":46,"column":7}},"loc":{"start":{"line":46,"column":12},"end":{"line":46,"column":45}},"line":46},"9":{"name":"(anonymous_9)","decl":{"start":{"line":48,"column":11},"end":{"line":48,"column":12}},"loc":{"start":{"line":49,"column":4},"end":{"line":52,"column":5}},"line":49},"10":{"name":"(anonymous_10)","decl":{"start":{"line":50,"column":6},"end":{"line":50,"column":7}},"loc":{"start":{"line":50,"column":17},"end":{"line":50,"column":32}},"line":50},"11":{"name":"(anonymous_11)","decl":{"start":{"line":51,"column":6},"end":{"line":51,"column":7}},"loc":{"start":{"line":51,"column":12},"end":{"line":51,"column":46}},"line":51},"12":{"name":"(anonymous_12)","decl":{"start":{"line":53,"column":20},"end":{"line":53,"column":21}},"loc":{"start":{"line":53,"column":51},"end":{"line":57,"column":3}},"line":53},"13":{"name":"(anonymous_13)","decl":{"start":{"line":54,"column":30},"end":{"line":54,"column":31}},"loc":{"start":{"line":54,"column":36},"end":{"line":54,"column":49}},"line":54},"14":{"name":"(anonymous_14)","decl":{"start":{"line":58,"column":2},"end":{"line":58,"column":3}},"loc":{"start":{"line":58,"column":23},"end":{"line":65,"column":3}},"line":58},"15":{"name":"(anonymous_15)","decl":{"start":{"line":66,"column":2},"end":{"line":66,"column":3}},"loc":{"start":{"line":66,"column":11},"end":{"line":68,"column":3}},"line":66},"16":{"name":"(anonymous_16)","decl":{"start":{"line":73,"column":14},"end":{"line":73,"column":15}},"loc":{"start":{"line":73,"column":27},"end":{"line":73,"column":59}},"line":73},"17":{"name":"(anonymous_17)","decl":{"start":{"line":74,"column":13},"end":{"line":74,"column":14}},"loc":{"start":{"line":74,"column":26},"end":{"line":74,"column":57}},"line":74},"18":{"name":"(anonymous_18)","decl":{"start":{"line":78,"column":17},"end":{"line":78,"column":18}},"loc":{"start":{"line":78,"column":30},"end":{"line":83,"column":3}},"line":78},"19":{"name":"(anonymous_19)","decl":{"start":{"line":79,"column":18},"end":{"line":79,"column":19}},"loc":{"start":{"line":79,"column":39},"end":{"line":81,"column":5}},"line":79},"20":{"name":"(anonymous_20)","decl":{"start":{"line":84,"column":16},"end":{"line":84,"column":17}},"loc":{"start":{"line":84,"column":29},"end":{"line":87,"column":3}},"line":84},"21":{"name":"(anonymous_21)","decl":{"start":{"line":88,"column":23},"end":{"line":88,"column":24}},"loc":{"start":{"line":88,"column":43},"end":{"line":96,"column":3}},"line":88},"22":{"name":"(anonymous_22)","decl":{"start":{"line":97,"column":2},"end":{"line":97,"column":3}},"loc":{"start":{"line":97,"column":11},"end":{"line":132,"column":3}},"line":97},"23":{"name":"(anonymous_23)","decl":{"start":{"line":106,"column":9},"end":{"line":106,"column":10}},"loc":{"start":{"line":107,"column":10},"end":{"line":128,"column":16}},"line":107},"24":{"name":"(anonymous_24)","decl":{"start":{"line":117,"column":33},"end":{"line":117,"column":34}},"loc":{"start":{"line":117,"column":39},"end":{"line":117,"column":63}},"line":117}},"branchMap":{"0":{"loc":{"start":{"line":7,"column":20},"end":{"line":7,"column":37}},"type":"binary-expr","locations":[{"start":{"line":7,"column":20},"end":{"line":7,"column":22}},{"start":{"line":7,"column":26},"end":{"line":7,"column":37}}],"line":7},"1":{"loc":{"start":{"line":29,"column":8},"end":{"line":29,"column":64}},"type":"cond-expr","locations":[{"start":{"line":29,"column":40},"end":{"line":29,"column":54}},{"start":{"line":29,"column":57},"end":{"line":29,"column":64}}],"line":29},"2":{"loc":{"start":{"line":33,"column":8},"end":{"line":33,"column":59}},"type":"binary-expr","locations":[{"start":{"line":33,"column":8},"end":{"line":33,"column":53}},{"start":{"line":33,"column":57},"end":{"line":33,"column":59}}],"line":33},"3":{"loc":{"start":{"line":39,"column":13},"end":{"line":39,"column":65}},"type":"cond-expr","locations":[{"start":{"line":39,"column":47},"end":{"line":39,"column":58}},{"start":{"line":39,"column":61},"end":{"line":39,"column":65}}],"line":39},"4":{"loc":{"start":{"line":48,"column":12},"end":{"line":48,"column":56}},"type":"default-arg","locations":[{"start":{"line":48,"column":54},"end":{"line":48,"column":56}}],"line":48},"5":{"loc":{"start":{"line":48,"column":13},"end":{"line":48,"column":50}},"type":"default-arg","locations":[{"start":{"line":48,"column":20},"end":{"line":48,"column":50}}],"line":48},"6":{"loc":{"start":{"line":53,"column":21},"end":{"line":53,"column":45}},"type":"default-arg","locations":[{"start":{"line":53,"column":43},"end":{"line":53,"column":45}}],"line":53},"7":{"loc":{"start":{"line":89,"column":4},"end":{"line":91,"column":5}},"type":"if","locations":[{"start":{"line":89,"column":4},"end":{"line":91,"column":5}},{"start":{"line":89,"column":4},"end":{"line":91,"column":5}}],"line":89},"8":{"loc":{"start":{"line":92,"column":4},"end":{"line":94,"column":5}},"type":"if","locations":[{"start":{"line":92,"column":4},"end":{"line":94,"column":5}},{"start":{"line":92,"column":4},"end":{"line":94,"column":5}}],"line":92},"9":{"loc":{"start":{"line":113,"column":13},"end":{"line":126,"column":20}},"type":"cond-expr","locations":[{"start":{"line":114,"column":14},"end":{"line":121,"column":20}},{"start":{"line":122,"column":16},"end":{"line":126,"column":20}}],"line":113},"10":{"loc":{"start":{"line":122,"column":16},"end":{"line":126,"column":20}},"type":"cond-expr","locations":[{"start":{"line":123,"column":14},"end":{"line":125,"column":20}},{"start":{"line":126,"column":16},"end":{"line":126,"column":20}}],"line":122}},"s":{"0":1,"1":22,"2":8,"3":16,"4":0,"5":10,"6":10,"7":10,"8":10,"9":10,"10":1,"11":1,"12":9,"13":9,"14":9,"15":22,"16":8,"17":22,"18":22,"19":0,"20":0,"21":9,"22":9,"23":9,"24":1,"25":1,"26":10,"27":1,"28":9,"29":3,"30":6,"31":12,"32":12,"33":22,"34":1,"35":1},"f":{"0":22,"1":8,"2":16,"3":0,"4":0,"5":10,"6":10,"7":1,"8":1,"9":9,"10":9,"11":9,"12":22,"13":8,"14":22,"15":22,"16":0,"17":0,"18":9,"19":9,"20":1,"21":10,"22":12,"23":22,"24":1},"b":{"0":[16,8],"1":[9,1],"2":[10,0],"3":[10,0],"4":[8],"5":[8],"6":[0],"7":[1,9],"8":[3,6],"9":[6,16],"10":[10,6]},"_coverageSchema":"332fd63041d2c1bcb487cc26dd0d5f7d97098a6c","hash":"7733e3d2260decb7643899c83e6408d3d5573859"}
,"/Users/jonathan/Desktop/advanced-react-patternsv2/src/exercises-final/10.extra-1.js": {"path":"/Users/jonathan/Desktop/advanced-react-patternsv2/src/exercises-final/10.extra-1.js","statementMap":{"0":{"start":{"line":4,"column":0},"end":{"line":null,"column":-1}},"1":{"start":{"line":5,"column":0},"end":{"line":null,"column":-1}},"2":{"start":{"line":7,"column":37},"end":{"line":9,"column":1}},"3":{"start":{"line":26,"column":4},"end":{"line":35,"column":5}},"4":{"start":{"line":27,"column":6},"end":{"line":null,"column":-1}},"5":{"start":{"line":29,"column":6},"end":{"line":null,"column":-1}},"6":{"start":{"line":30,"column":19},"end":{"line":30,"column":8}},"7":{"start":{"line":32,"column":10},"end":{"line":null,"column":-1}},"8":{"start":{"line":10,"column":4},"end":{"line":11,"column":3}},"9":{"start":{"line":13,"column":4},"end":{"line":24,"column":3}},"10":{"start":{"line":15,"column":8},"end":{"line":20,"column":8}},"11":{"start":{"line":16,"column":10},"end":{"line":17,"column":9}},"12":{"start":{"line":18,"column":10},"end":{"line":19,"column":9}},"13":{"start":{"line":20,"column":8},"end":{"line":21,"column":7}},"14":{"start":{"line":38,"column":4},"end":{"line":null,"column":-1}},"15":{"start":{"line":42,"column":36},"end":{"line":null,"column":-1}},"16":{"start":{"line":45,"column":4},"end":{"line":null,"column":-1}},"17":{"start":{"line":48,"column":21},"end":{"line":47,"column":11}},"18":{"start":{"line":49,"column":37},"end":{"line":47,"column":11}},"19":{"start":{"line":47,"column":11},"end":{"line":47,"column":10}},"20":{"start":{"line":50,"column":4},"end":{"line":null,"column":-1}},"21":{"start":{"line":66,"column":0},"end":{"line":null,"column":-1}}},"fnMap":{"0":{"name":"(anonymous_1)","decl":{"start":{"line":7,"column":37},"end":{"line":null,"column":-1}},"loc":{"start":{"line":7,"column":37},"end":{"line":9,"column":2}}},"1":{"name":"(anonymous_2)","decl":{"start":{"line":25,"column":11},"end":{"line":25,"column":16}},"loc":{"start":{"line":25,"column":17},"end":{"line":7,"column":37}}},"2":{"name":"(anonymous_3)","decl":{"start":{"line":30,"column":8},"end":{"line":30,"column":9}},"loc":{"start":{"line":30,"column":19},"end":{"line":30,"column":8}}},"3":{"name":"(anonymous_4)","decl":{"start":{"line":31,"column":8},"end":{"line":31,"column":13}},"loc":{"start":{"line":31,"column":14},"end":{"line":29,"column":6}}},"4":{"name":"(anonymous_5)","decl":{"start":{"line":9,"column":2},"end":{"line":9,"column":14}},"loc":{"start":{"line":9,"column":21},"end":{"line":12,"column":2}}},"5":{"name":"(anonymous_6)","decl":{"start":{"line":12,"column":2},"end":{"line":12,"column":12}},"loc":{"start":{"line":12,"column":13},"end":{"line":24,"column":3}}},"6":{"name":"(anonymous_7)","decl":{"start":{"line":14,"column":6},"end":{"line":14,"column":7}},"loc":{"start":{"line":14,"column":39},"end":{"line":13,"column":11}}},"7":{"name":"(anonymous_8)","decl":{"start":{"line":37,"column":2},"end":{"line":37,"column":10}},"loc":{"start":{"line":37,"column":11},"end":{"line":7,"column":37}}},"8":{"name":"(anonymous_9)","decl":{"start":{"line":42,"column":36},"end":{"line":null,"column":-1}},"loc":{"start":{"line":42,"column":36},"end":{"line":null,"column":-1}}},"9":{"name":"(anonymous_10)","decl":{"start":{"line":44,"column":17},"end":{"line":44,"column":22}},"loc":{"start":{"line":44,"column":23},"end":{"line":42,"column":36}}},"10":{"name":"(anonymous_11)","decl":{"start":{"line":47,"column":2},"end":{"line":47,"column":10}},"loc":{"start":{"line":47,"column":11},"end":{"line":42,"column":36}}}},"branchMap":{"0":{"loc":{"start":{"line":26,"column":4},"end":{"line":35,"column":5}},"type":"if","locations":[{"start":{"line":26,"column":4},"end":{"line":35,"column":5}},{"start":{"line":26,"column":4},"end":{"line":35,"column":5}}]},"1":{"loc":{"start":{"line":15,"column":8},"end":{"line":20,"column":8}},"type":"if","locations":[{"start":{"line":15,"column":8},"end":{"line":20,"column":8}},{"start":{"line":15,"column":8},"end":{"line":20,"column":8}}]}},"s":{"0":0,"1":0,"2":0,"3":0,"4":0,"5":0,"6":0,"7":0,"8":0,"9":0,"10":0,"11":0,"12":0,"13":0,"14":0,"15":0,"16":0,"17":0,"18":0,"19":0,"20":0,"21":0},"f":{"0":0,"1":0,"2":0,"3":0,"4":0,"5":0,"6":0,"7":0,"8":0,"9":0,"10":0},"b":{"0":[0,0],"1":[0,0]}}
,"/Users/jonathan/Desktop/advanced-react-patternsv2/src/exercises-final/10.extra-2.js": {"path":"/Users/jonathan/Desktop/advanced-react-patternsv2/src/exercises-final/10.extra-2.js","statementMap":{"0":{"start":{"line":4,"column":0},"end":{"line":null,"column":-1}},"1":{"start":{"line":5,"column":0},"end":{"line":null,"column":-1}},"2":{"start":{"line":7,"column":37},"end":{"line":13,"column":1}},"3":{"start":{"line":59,"column":4},"end":{"line":null,"column":-1}},"4":{"start":{"line":60,"column":17},"end":{"line":60,"column":6}},"5":{"start":{"line":62,"column":8},"end":{"line":null,"column":-1}},"6":{"start":{"line":14,"column":4},"end":{"line":15,"column":3}},"7":{"start":{"line":17,"column":4},"end":{"line":28,"column":3}},"8":{"start":{"line":19,"column":8},"end":{"line":24,"column":8}},"9":{"start":{"line":20,"column":10},"end":{"line":21,"column":9}},"10":{"start":{"line":22,"column":10},"end":{"line":23,"column":9}},"11":{"start":{"line":24,"column":8},"end":{"line":25,"column":7}},"12":{"start":{"line":31,"column":4},"end":{"line":57,"column":3}},"13":{"start":{"line":33,"column":30},"end":{"line":33,"column":8}},"14":{"start":{"line":35,"column":10},"end":{"line":34,"column":8}},"15":{"start":{"line":38,"column":8},"end":{"line":39,"column":8}},"16":{"start":{"line":39,"column":37},"end":{"line":39,"column":8}},"17":{"start":{"line":42,"column":10},"end":{"line":45,"column":10}},"18":{"start":{"line":43,"column":12},"end":{"line":44,"column":11}},"19":{"start":{"line":45,"column":10},"end":{"line":46,"column":9}},"20":{"start":{"line":48,"column":8},"end":{"line":51,"column":7}},"21":{"start":{"line":53,"column":8},"end":{"line":54,"column":8}},"22":{"start":{"line":54,"column":8},"end":{"line":55,"column":7}},"23":{"start":{"line":67,"column":4},"end":{"line":null,"column":-1}},"24":{"start":{"line":71,"column":36},"end":{"line":null,"column":-1}},"25":{"start":{"line":74,"column":4},"end":{"line":null,"column":-1}},"26":{"start":{"line":77,"column":21},"end":{"line":76,"column":11}},"27":{"start":{"line":78,"column":37},"end":{"line":76,"column":11}},"28":{"start":{"line":76,"column":11},"end":{"line":76,"column":10}},"29":{"start":{"line":79,"column":4},"end":{"line":null,"column":-1}},"30":{"start":{"line":95,"column":0},"end":{"line":null,"column":-1}}},"fnMap":{"0":{"name":"(anonymous_1)","decl":{"start":{"line":7,"column":37},"end":{"line":null,"column":-1}},"loc":{"start":{"line":7,"column":37},"end":{"line":13,"column":2}}},"1":{"name":"(anonymous_2)","decl":{"start":{"line":58,"column":11},"end":{"line":58,"column":16}},"loc":{"start":{"line":58,"column":17},"end":{"line":7,"column":37}}},"2":{"name":"(anonymous_3)","decl":{"start":{"line":60,"column":6},"end":{"line":60,"column":7}},"loc":{"start":{"line":60,"column":17},"end":{"line":60,"column":6}}},"3":{"name":"(anonymous_4)","decl":{"start":{"line":61,"column":6},"end":{"line":61,"column":11}},"loc":{"start":{"line":61,"column":12},"end":{"line":59,"column":4}}},"4":{"name":"(anonymous_5)","decl":{"start":{"line":13,"column":2},"end":{"line":13,"column":14}},"loc":{"start":{"line":13,"column":21},"end":{"line":16,"column":2}}},"5":{"name":"(anonymous_6)","decl":{"start":{"line":16,"column":2},"end":{"line":16,"column":10}},"loc":{"start":{"line":16,"column":31},"end":{"line":29,"column":2}}},"6":{"name":"(anonymous_7)","decl":{"start":{"line":18,"column":6},"end":{"line":18,"column":7}},"loc":{"start":{"line":18,"column":39},"end":{"line":17,"column":11}}},"7":{"name":"(anonymous_8)","decl":{"start":{"line":29,"column":2},"end":{"line":29,"column":18}},"loc":{"start":{"line":29,"column":38},"end":{"line":57,"column":3}}},"8":{"name":"(anonymous_9)","decl":{"start":{"line":32,"column":6},"end":{"line":32,"column":14}},"loc":{"start":{"line":32,"column":15},"end":{"line":31,"column":4}}},"9":{"name":"(anonymous_10)","decl":{"start":{"line":41,"column":17},"end":{"line":41,"column":18}},"loc":{"start":{"line":41,"column":47},"end":{"line":39,"column":37}}},"10":{"name":"(anonymous_11)","decl":{"start":{"line":52,"column":6},"end":{"line":52,"column":11}},"loc":{"start":{"line":52,"column":12},"end":{"line":31,"column":4}}},"11":{"name":"(anonymous_12)","decl":{"start":{"line":66,"column":2},"end":{"line":66,"column":10}},"loc":{"start":{"line":66,"column":11},"end":{"line":7,"column":37}}},"12":{"name":"(anonymous_13)","decl":{"start":{"line":9,"column":14},"end":{"line":9,"column":19}},"loc":{"start":{"line":9,"column":20},"end":{"line":8,"column":24}}},"13":{"name":"(anonymous_14)","decl":{"start":{"line":10,"column":19},"end":{"line":10,"column":24}},"loc":{"start":{"line":10,"column":25},"end":{"line":8,"column":24}}},"14":{"name":"(anonymous_15)","decl":{"start":{"line":71,"column":36},"end":{"line":null,"column":-1}},"loc":{"start":{"line":71,"column":36},"end":{"line":null,"column":-1}}},"15":{"name":"(anonymous_16)","decl":{"start":{"line":73,"column":22},"end":{"line":73,"column":23}},"loc":{"start":{"line":73,"column":32},"end":{"line":71,"column":36}}},"16":{"name":"(anonymous_17)","decl":{"start":{"line":76,"column":2},"end":{"line":76,"column":10}},"loc":{"start":{"line":76,"column":11},"end":{"line":71,"column":36}}}},"branchMap":{"0":{"loc":{"start":{"line":16,"column":19},"end":{"line":16,"column":2}},"type":"default-arg","locations":[{"start":{"line":16,"column":19},"end":{"line":16,"column":2}}]},"1":{"loc":{"start":{"line":19,"column":8},"end":{"line":24,"column":8}},"type":"if","locations":[{"start":{"line":19,"column":8},"end":{"line":24,"column":8}},{"start":{"line":19,"column":8},"end":{"line":24,"column":8}}]},"2":{"loc":{"start":{"line":36,"column":14},"end":{"line":35,"column":10}},"type":"cond-expr","locations":[{"start":{"line":36,"column":14},"end":{"line":35,"column":10}},{"start":{"line":37,"column":14},"end":{"line":34,"column":8}}]},"3":{"loc":{"start":{"line":42,"column":10},"end":{"line":45,"column":10}},"type":"if","locations":[{"start":{"line":42,"column":10},"end":{"line":45,"column":10}},{"start":{"line":42,"column":10},"end":{"line":45,"column":10}}]},"4":{"loc":{"start":{"line":49,"column":12},"end":{"line":48,"column":15}},"type":"cond-expr","locations":[{"start":{"line":49,"column":12},"end":{"line":48,"column":15}},{"start":{"line":50,"column":12},"end":{"line":48,"column":8}}]}},"s":{"0":0,"1":0,"2":0,"3":0,"4":0,"5":0,"6":0,"7":0,"8":0,"9":0,"10":0,"11":0,"12":0,"13":0,"14":0,"15":0,"16":0,"17":0,"18":0,"19":0,"20":0,"21":0,"22":0,"23":0,"24":0,"25":0,"26":0,"27":0,"28":0,"29":0,"30":0},"f":{"0":0,"1":0,"2":0,"3":0,"4":0,"5":0,"6":0,"7":0,"8":0,"9":0,"10":0,"11":0,"12":0,"13":0,"14":0,"15":0,"16":0},"b":{"0":[0],"1":[0,0],"2":[0,0],"3":[0,0],"4":[0,0]}}
,"/Users/jonathan/Desktop/advanced-react-patternsv2/src/exercises-final/10.extra-3.js": {"path":"/Users/jonathan/Desktop/advanced-react-patternsv2/src/exercises-final/10.extra-3.js","statementMap":{"0":{"start":{"line":5,"column":0},"end":{"line":null,"column":-1}},"1":{"start":{"line":6,"column":0},"end":{"line":null,"column":-1}},"2":{"start":{"line":8,"column":37},"end":{"line":19,"column":1}},"3":{"start":{"line":71,"column":4},"end":{"line":null,"column":-1}},"4":{"start":{"line":72,"column":17},"end":{"line":72,"column":6}},"5":{"start":{"line":77,"column":8},"end":{"line":null,"column":-1}},"6":{"start":{"line":81,"column":28},"end":{"line":8,"column":37}},"7":{"start":{"line":83,"column":4},"end":{"line":8,"column":37}},"8":{"start":{"line":85,"column":4},"end":{"line":8,"column":37}},"9":{"start":{"line":20,"column":4},"end":{"line":21,"column":3}},"10":{"start":{"line":23,"column":4},"end":{"line":34,"column":3}},"11":{"start":{"line":25,"column":8},"end":{"line":30,"column":8}},"12":{"start":{"line":26,"column":10},"end":{"line":27,"column":9}},"13":{"start":{"line":28,"column":10},"end":{"line":29,"column":9}},"14":{"start":{"line":30,"column":8},"end":{"line":31,"column":7}},"15":{"start":{"line":37,"column":4},"end":{"line":66,"column":3}},"16":{"start":{"line":39,"column":30},"end":{"line":39,"column":8}},"17":{"start":{"line":41,"column":10},"end":{"line":40,"column":8}},"18":{"start":{"line":45,"column":8},"end":{"line":38,"column":15}},"19":{"start":{"line":46,"column":52},"end":{"line":38,"column":15}},"20":{"start":{"line":38,"column":15},"end":{"line":48,"column":7}},"21":{"start":{"line":48,"column":37},"end":{"line":48,"column":8}},"22":{"start":{"line":51,"column":10},"end":{"line":54,"column":10}},"23":{"start":{"line":52,"column":12},"end":{"line":53,"column":11}},"24":{"start":{"line":54,"column":10},"end":{"line":55,"column":9}},"25":{"start":{"line":57,"column":8},"end":{"line":60,"column":7}},"26":{"start":{"line":62,"column":8},"end":{"line":63,"column":8}},"27":{"start":{"line":63,"column":8},"end":{"line":64,"column":7}},"28":{"start":{"line":87,"column":4},"end":{"line":null,"column":-1}},"29":{"start":{"line":100,"column":36},"end":{"line":null,"column":-1}},"30":{"start":{"line":105,"column":6},"end":{"line":104,"column":4}},"31":{"start":{"line":107,"column":4},"end":{"line":115,"column":5}},"32":{"start":{"line":111,"column":6},"end":{"line":null,"column":-1}},"33":{"start":{"line":112,"column":6},"end":{"line":null,"column":-1}},"34":{"start":{"line":114,"column":6},"end":{"line":null,"column":-1}},"35":{"start":{"line":118,"column":21},"end":{"line":117,"column":11}},"36":{"start":{"line":119,"column":37},"end":{"line":117,"column":11}},"37":{"start":{"line":117,"column":11},"end":{"line":117,"column":10}},"38":{"start":{"line":120,"column":4},"end":{"line":null,"column":-1}},"39":{"start":{"line":136,"column":0},"end":{"line":null,"column":-1}}},"fnMap":{"0":{"name":"(anonymous_2)","decl":{"start":{"line":8,"column":37},"end":{"line":null,"column":-1}},"loc":{"start":{"line":8,"column":37},"end":{"line":19,"column":2}}},"1":{"name":"(anonymous_3)","decl":{"start":{"line":67,"column":11},"end":{"line":67,"column":12}},"loc":{"start":{"line":70,"column":13},"end":{"line":8,"column":37}}},"2":{"name":"(anonymous_4)","decl":{"start":{"line":72,"column":6},"end":{"line":72,"column":7}},"loc":{"start":{"line":72,"column":17},"end":{"line":72,"column":6}}},"3":{"name":"(anonymous_5)","decl":{"start":{"line":76,"column":6},"end":{"line":76,"column":11}},"loc":{"start":{"line":76,"column":12},"end":{"line":71,"column":4}}},"4":{"name":"(anonymous_6)","decl":{"start":{"line":81,"column":22},"end":{"line":81,"column":27}},"loc":{"start":{"line":81,"column":28},"end":{"line":8,"column":37}}},"5":{"name":"(anonymous_7)","decl":{"start":{"line":82,"column":19},"end":{"line":null,"column":-1}},"loc":{"start":{"line":83,"column":4},"end":{"line":8,"column":37}}},"6":{"name":"(anonymous_8)","decl":{"start":{"line":84,"column":18},"end":{"line":null,"column":-1}},"loc":{"start":{"line":85,"column":4},"end":{"line":8,"column":37}}},"7":{"name":"(anonymous_9)","decl":{"start":{"line":19,"column":2},"end":{"line":19,"column":14}},"loc":{"start":{"line":19,"column":21},"end":{"line":22,"column":2}}},"8":{"name":"(anonymous_10)","decl":{"start":{"line":22,"column":2},"end":{"line":22,"column":10}},"loc":{"start":{"line":22,"column":31},"end":{"line":35,"column":2}}},"9":{"name":"(anonymous_11)","decl":{"start":{"line":24,"column":6},"end":{"line":24,"column":7}},"loc":{"start":{"line":24,"column":39},"end":{"line":23,"column":11}}},"10":{"name":"(anonymous_12)","decl":{"start":{"line":35,"column":2},"end":{"line":35,"column":18}},"loc":{"start":{"line":35,"column":49},"end":{"line":66,"column":3}}},"11":{"name":"(anonymous_13)","decl":{"start":{"line":35,"column":39},"end":{"line":35,"column":44}},"loc":{"start":{"line":35,"column":45},"end":{"line":35,"column":2}}},"12":{"name":"(anonymous_14)","decl":{"start":{"line":38,"column":6},"end":{"line":38,"column":14}},"loc":{"start":{"line":38,"column":15},"end":{"line":37,"column":4}}},"13":{"name":"(anonymous_15)","decl":{"start":{"line":50,"column":17},"end":{"line":50,"column":18}},"loc":{"start":{"line":50,"column":47},"end":{"line":48,"column":37}}},"14":{"name":"(anonymous_16)","decl":{"start":{"line":61,"column":6},"end":{"line":61,"column":11}},"loc":{"start":{"line":61,"column":12},"end":{"line":37,"column":4}}},"15":{"name":"(anonymous_17)","decl":{"start":{"line":86,"column":2},"end":{"line":86,"column":10}},"loc":{"start":{"line":86,"column":11},"end":{"line":8,"column":37}}},"16":{"name":"(anonymous_18)","decl":{"start":{"line":10,"column":14},"end":{"line":10,"column":19}},"loc":{"start":{"line":10,"column":20},"end":{"line":9,"column":24}}},"17":{"name":"(anonymous_19)","decl":{"start":{"line":11,"column":19},"end":{"line":11,"column":24}},"loc":{"start":{"line":11,"column":25},"end":{"line":9,"column":24}}},"18":{"name":"(anonymous_20)","decl":{"start":{"line":100,"column":36},"end":{"line":null,"column":-1}},"loc":{"start":{"line":100,"column":36},"end":{"line":null,"column":-1}}},"19":{"name":"(anonymous_21)","decl":{"start":{"line":103,"column":22},"end":{"line":103,"column":32}},"loc":{"start":{"line":103,"column":33},"end":{"line":100,"column":36}}},"20":{"name":"(anonymous_22)","decl":{"start":{"line":117,"column":2},"end":{"line":117,"column":10}},"loc":{"start":{"line":117,"column":11},"end":{"line":100,"column":36}}}},"branchMap":{"0":{"loc":{"start":{"line":70,"column":6},"end":{"line":67,"column":11}},"type":"default-arg","locations":[{"start":{"line":70,"column":6},"end":{"line":67,"column":11}}]},"1":{"loc":{"start":{"line":69,"column":11},"end":{"line":67,"column":12}},"type":"default-arg","locations":[{"start":{"line":69,"column":11},"end":{"line":67,"column":12}}]},"2":{"loc":{"start":{"line":73,"column":44},"end":{"line":73,"column":12}},"type":"cond-expr","locations":[{"start":{"line":73,"column":44},"end":{"line":73,"column":12}},{"start":{"line":73,"column":55},"end":{"line":72,"column":17}}]},"3":{"loc":{"start":{"line":22,"column":19},"end":{"line":22,"column":2}},"type":"default-arg","locations":[{"start":{"line":22,"column":19},"end":{"line":22,"column":2}}]},"4":{"loc":{"start":{"line":25,"column":8},"end":{"line":30,"column":8}},"type":"if","locations":[{"start":{"line":25,"column":8},"end":{"line":30,"column":8}},{"start":{"line":25,"column":8},"end":{"line":30,"column":8}}]},"5":{"loc":{"start":{"line":35,"column":39},"end":{"line":35,"column":2}},"type":"default-arg","locations":[{"start":{"line":35,"column":39},"end":{"line":35,"column":2}}]},"6":{"loc":{"start":{"line":42,"column":14},"end":{"line":41,"column":10}},"type":"cond-expr","locations":[{"start":{"line":42,"column":14},"end":{"line":41,"column":10}},{"start":{"line":43,"column":14},"end":{"line":40,"column":8}}]},"7":{"loc":{"start":{"line":51,"column":10},"end":{"line":54,"column":10}},"type":"if","locations":[{"start":{"line":51,"column":10},"end":{"line":54,"column":10}},{"start":{"line":51,"column":10},"end":{"line":54,"column":10}}]},"8":{"loc":{"start":{"line":58,"column":12},"end":{"line":57,"column":15}},"type":"cond-expr","locations":[{"start":{"line":58,"column":12},"end":{"line":57,"column":15}},{"start":{"line":59,"column":12},"end":{"line":57,"column":8}}]},"9":{"loc":{"start":{"line":105,"column":6},"end":{"line":105,"column":5}},"type":"binary-expr","locations":[{"start":{"line":105,"column":6},"end":{"line":105,"column":5}},{"start":{"line":106,"column":6},"end":{"line":104,"column":4}}]},"10":{"loc":{"start":{"line":107,"column":4},"end":{"line":115,"column":5}},"type":"if","locations":[{"start":{"line":107,"column":4},"end":{"line":115,"column":5}},{"start":{"line":107,"column":4},"end":{"line":115,"column":5}}]},"11":{"loc":{"start":{"line":108,"column":6},"end":{"line":108,"column":5}},"type":"binary-expr","locations":[{"start":{"line":108,"column":6},"end":{"line":108,"column":5}},{"start":{"line":109,"column":7},"end":{"line":109,"column":6}},{"start":{"line":109,"column":29},"end":{"line":107,"column":4}}]}},"s":{"0":0,"1":0,"2":0,"3":0,"4":0,"5":0,"6":0,"7":0,"8":0,"9":0,"10":0,"11":0,"12":0,"13":0,"14":0,"15":0,"16":0,"17":0,"18":0,"19":0,"20":0,"21":0,"22":0,"23":0,"24":0,"25":0,"26":0,"27":0,"28":0,"29":0,"30":0,"31":0,"32":0,"33":0,"34":0,"35":0,"36":0,"37":0,"38":0,"39":0},"f":{"0":0,"1":0,"2":0,"3":0,"4":0,"5":0,"6":0,"7":0,"8":0,"9":0,"10":0,"11":0,"12":0,"13":0,"14":0,"15":0,"16":0,"17":0,"18":0,"19":0,"20":0},"b":{"0":[0],"1":[0],"2":[0,0],"3":[0],"4":[0,0],"5":[0],"6":[0,0],"7":[0,0],"8":[0,0],"9":[0,0],"10":[0,0],"11":[0,0,0]}}
,"/Users/jonathan/Desktop/advanced-react-patternsv2/src/exercises-final/10.js": {"path":"/Users/jonathan/Desktop/advanced-react-patternsv2/src/exercises-final/10.js","statementMap":{"0":{"start":{"line":9,"column":4},"end":{"line":9,"column":41}},"1":{"start":{"line":12,"column":4},"end":{"line":14,"column":5}},"2":{"start":{"line":17,"column":4},"end":{"line":26,"column":5}},"3":{"start":{"line":18,"column":6},"end":{"line":18,"column":46}},"4":{"start":{"line":20,"column":6},"end":{"line":25,"column":7}},"5":{"start":{"line":21,"column":19},"end":{"line":21,"column":28}},"6":{"start":{"line":23,"column":10},"end":{"line":23,"column":49}},"7":{"start":{"line":29,"column":4},"end":{"line":29,"column":67}},"8":{"start":{"line":36,"column":4},"end":{"line":36,"column":31}},"9":{"start":{"line":39,"column":21},"end":{"line":39,"column":31}},"10":{"start":{"line":40,"column":37},"end":{"line":40,"column":47}},"11":{"start":{"line":41,"column":4},"end":{"line":54,"column":5}},"12":{"start":{"line":57,"column":0},"end":{"line":57,"column":29}}},"fnMap":{"0":{"name":"(anonymous_0)","decl":{"start":{"line":8,"column":2},"end":{"line":8,"column":3}},"loc":{"start":{"line":8,"column":21},"end":{"line":10,"column":3}},"line":8},"1":{"name":"(anonymous_1)","decl":{"start":{"line":11,"column":2},"end":{"line":11,"column":3}},"loc":{"start":{"line":11,"column":13},"end":{"line":15,"column":3}},"line":11},"2":{"name":"(anonymous_2)","decl":{"start":{"line":16,"column":11},"end":{"line":16,"column":12}},"loc":{"start":{"line":16,"column":17},"end":{"line":27,"column":3}},"line":16},"3":{"name":"(anonymous_3)","decl":{"start":{"line":21,"column":8},"end":{"line":21,"column":9}},"loc":{"start":{"line":21,"column":19},"end":{"line":21,"column":28}},"line":21},"4":{"name":"(anonymous_4)","decl":{"start":{"line":22,"column":8},"end":{"line":22,"column":9}},"loc":{"start":{"line":22,"column":14},"end":{"line":24,"column":9}},"line":22},"5":{"name":"(anonymous_5)","decl":{"start":{"line":28,"column":2},"end":{"line":28,"column":3}},"loc":{"start":{"line":28,"column":11},"end":{"line":30,"column":3}},"line":28},"6":{"name":"(anonymous_6)","decl":{"start":{"line":35,"column":17},"end":{"line":35,"column":18}},"loc":{"start":{"line":35,"column":23},"end":{"line":37,"column":3}},"line":35},"7":{"name":"(anonymous_7)","decl":{"start":{"line":38,"column":2},"end":{"line":38,"column":3}},"loc":{"start":{"line":38,"column":11},"end":{"line":55,"column":3}},"line":38}},"branchMap":{"0":{"loc":{"start":{"line":13,"column":10},"end":{"line":13,"column":65}},"type":"cond-expr","locations":[{"start":{"line":13,"column":36},"end":{"line":13,"column":49}},{"start":{"line":13,"column":52},"end":{"line":13,"column":65}}],"line":13},"1":{"loc":{"start":{"line":17,"column":4},"end":{"line":26,"column":5}},"type":"if","locations":[{"start":{"line":17,"column":4},"end":{"line":26,"column":5}},{"start":{"line":17,"column":4},"end":{"line":26,"column":5}}],"line":17}},"s":{"0":14,"1":11,"2":3,"3":2,"4":1,"5":1,"6":1,"7":8,"8":2,"9":3,"10":3,"11":3,"12":1},"f":{"0":14,"1":11,"2":3,"3":1,"4":1,"5":8,"6":2,"7":3},"b":{"0":[8,3],"1":[2,1]},"_coverageSchema":"332fd63041d2c1bcb487cc26dd0d5f7d97098a6c","hash":"1f50458431f3fc7de9f77fa40cab517597ad34e1"}
[...]
lumn":0}},"19":{"start":{"line":45,"column":2},"end":{"line":44,"column":0}},"20":{"start":{"line":47,"column":6},"end":{"line":45,"column":2}},"21":{"start":{"line":54,"column":15},"end":{"line":54,"column":0}},"22":{"start":{"line":54,"column":21},"end":{"line":54,"column":0}},"23":{"start":{"line":55,"column":15},"end":{"line":55,"column":0}},"24":{"start":{"line":56,"column":2},"end":{"line":55,"column":0}},"25":{"start":{"line":57,"column":23},"end":{"line":56,"column":2}},"26":{"start":{"line":62,"column":26},"end":{"line":61,"column":15}},"27":{"start":{"line":64,"column":2},"end":{"line":null,"column":-1}}},"fnMap":{"0":{"name":"ToggleConsumer","decl":{"start":{"line":8,"column":9},"end":{"line":8,"column":0}},"loc":{"start":{"line":8,"column":31},"end":{"line":21,"column":1}}},"1":{"name":"(anonymous_3)","decl":{"start":{"line":11,"column":7},"end":{"line":11,"column":17}},"loc":{"start":{"line":11,"column":18},"end":{"line":10,"column":4}}},"2":{"name":"(anonymous_4)","decl":{"start":{"line":23,"column":37},"end":{"line":null,"column":-1}},"loc":{"start":{"line":23,"column":37},"end":{"line":null,"column":-1}}},"3":{"name":"(anonymous_5)","decl":{"start":{"line":25,"column":11},"end":{"line":null,"column":-1}},"loc":{"start":{"line":26,"column":4},"end":{"line":23,"column":37}}},"4":{"name":"(anonymous_6)","decl":{"start":{"line":27,"column":6},"end":{"line":27,"column":7}},"loc":{"start":{"line":27,"column":17},"end":{"line":27,"column":6}}},"5":{"name":"(anonymous_7)","decl":{"start":{"line":28,"column":6},"end":{"line":28,"column":11}},"loc":{"start":{"line":28,"column":12},"end":{"line":26,"column":4}}},"6":{"name":"(anonymous_8)","decl":{"start":{"line":31,"column":2},"end":{"line":31,"column":10}},"loc":{"start":{"line":31,"column":11},"end":{"line":23,"column":37}}},"7":{"name":"(anonymous_9)","decl":{"start":{"line":43,"column":15},"end":{"line":43,"column":20}},"loc":{"start":{"line":43,"column":21},"end":{"line":43,"column":0}}},"8":{"name":"(anonymous_10)","decl":{"start":{"line":44,"column":15},"end":{"line":null,"column":-1}},"loc":{"start":{"line":45,"column":2},"end":{"line":44,"column":0}}},"9":{"name":"(anonymous_11)","decl":{"start":{"line":46,"column":5},"end":{"line":46,"column":6}},"loc":{"start":{"line":47,"column":6},"end":{"line":45,"column":2}}},"10":{"name":"(anonymous_12)","decl":{"start":{"line":54,"column":15},"end":{"line":54,"column":20}},"loc":{"start":{"line":54,"column":21},"end":{"line":54,"column":0}}},"11":{"name":"(anonymous_13)","decl":{"start":{"line":55,"column":15},"end":{"line":null,"column":-1}},"loc":{"start":{"line":56,"column":2},"end":{"line":55,"column":0}}},"12":{"name":"(anonymous_14)","decl":{"start":{"line":57,"column":5},"end":{"line":57,"column":6}},"loc":{"start":{"line":57,"column":23},"end":{"line":56,"column":2}}},"13":{"name":"Usage","decl":{"start":{"line":61,"column":9},"end":{"line":61,"column":0}},"loc":{"start":{"line":63,"column":3},"end":{"line":69,"column":1}}},"14":{"name":"(anonymous_16)","decl":{"start":{"line":62,"column":13},"end":{"line":62,"column":14}},"loc":{"start":{"line":62,"column":26},"end":{"line":61,"column":15}}}},"branchMap":{"0":{"loc":{"start":{"line":12,"column":8},"end":{"line":16,"column":9}},"type":"if","locations":[{"start":{"line":12,"column":8},"end":{"line":16,"column":9}},{"start":{"line":12,"column":8},"end":{"line":16,"column":9}}]},"1":{"loc":{"start":{"line":34,"column":39},"end":{"line":34,"column":6}},"type":"cond-expr","locations":[{"start":{"line":34,"column":39},"end":{"line":34,"column":6}},{"start":{"line":34,"column":62},"end":{"line":33,"column":4}}]},"2":{"loc":{"start":{"line":48,"column":14},"end":{"line":48,"column":9}},"type":"cond-expr","locations":[{"start":{"line":48,"column":14},"end":{"line":48,"column":9}},{"start":{"line":48,"column":35},"end":{"line":47,"column":6}}]},"3":{"loc":{"start":{"line":62,"column":13},"end":{"line":61,"column":15}},"type":"default-arg","locations":[{"start":{"line":62,"column":13},"end":{"line":61,"column":15}}]}},"s":{"0":0,"1":0,"2":0,"3":0,"4":0,"5":0,"6":0,"7":0,"8":0,"9":0,"10":0,"11":0,"12":0,"13":0,"14":0,"15":0,"16":0,"17":0,"18":0,"19":0,"20":0,"21":0,"22":0,"23":0,"24":0,"25":0,"26":0,"27":0},"f":{"0":0,"1":0,"2":0,"3":0,"4":0,"5":0,"6":0,"7":0,"8":0,"9":0,"10":0,"11":0,"12":0,"13":0,"14":0},"b":{"0":[0,0],"1":[0,0],"2":[0,0],"3":[0]}}
,"/Users/jonathan/Desktop/advanced-react-patternsv2/src/exercises-final/11.extra-4.js": {"path":"/Users/jonathan/Desktop/advanced-react-patternsv2/src/exercises-final/11.extra-4.js","statementMap":{"0":{"start":{"line":3,"column":0},"end":{"line":null,"column":-1}},"1":{"start":{"line":4,"column":0},"end":{"line":null,"column":-1}},"2":{"start":{"line":6,"column":22},"end":{"line":6,"column":0}},"3":{"start":{"line":9,"column":2},"end":{"line":null,"column":-1}},"4":{"start":{"line":12,"column":8},"end":{"line":16,"column":9}},"5":{"start":{"line":13,"column":10},"end":{"line":null,"column":-1}},"6":{"start":{"line":17,"column":8},"end":{"line":null,"column":-1}},"7":{"start":{"line":23,"column":37},"end":{"line":null,"column":-1}},"8":{"start":{"line":43,"column":4},"end":{"line":23,"column":37}},"9":{"start":{"line":44,"column":17},"end":{"line":44,"column":6}},"10":{"start":{"line":45,"column":12},"end":{"line":43,"column":4}},"11":{"start":{"line":49,"column":32},"end":{"line":48,"column":11}},"12":{"start":{"line":48,"column":11},"end":{"line":48,"column":10}},"13":{"start":{"line":48,"column":11},"end":{"line":null,"column":-1}},"14":{"start":{"line":51,"column":6},"end":{"line":50,"column":4}},"15":{"start":{"line":52,"column":4},"end":{"line":null,"column":-1}},"16":{"start":{"line":27,"column":18},"end":{"line":26,"column":4}},"17":{"start":{"line":32,"column":18},"end":{"line":31,"column":4}},"18":{"start":{"line":38,"column":8},"end":{"line":36,"column":4}},"19":{"start":{"line":60,"column":15},"end":{"line":60,"column":0}},"20":{"start":{"line":60,"column":21},"end":{"line":60,"column":0}},"21":{"start":{"line":61,"column":15},"end":{"line":61,"column":0}},"22":{"start":{"line":62,"column":2},"end":{"line":61,"column":0}},"23":{"start":{"line":68,"column":15},"end":{"line":68,"column":0}},"24":{"start":{"line":68,"column":21},"end":{"line":68,"column":0}},"25":{"start":{"line":69,"column":15},"end":{"line":69,"column":0}},"26":{"start":{"line":69,"column":21},"end":{"line":69,"column":0}},"27":{"start":{"line":72,"column":26},"end":{"line":71,"column":15}},"28":{"start":{"line":74,"column":2},"end":{"line":null,"column":-1}}},"fnMap":{"0":{"name":"ToggleConsumer","decl":{"start":{"line":8,"column":9},"end":{"line":8,"column":0}},"loc":{"start":{"line":8,"column":31},"end":{"line":21,"column":1}}},"1":{"name":"(anonymous_3)","decl":{"start":{"line":11,"column":7},"end":{"line":11,"column":17}},"loc":{"start":{"line":11,"column":18},"end":{"line":10,"column":4}}},"2":{"name":"(anonymous_4)","decl":{"start":{"line":23,"column":37},"end":{"line":null,"column":-1}},"loc":{"start":{"line":23,"column":37},"end":{"line":null,"column":-1}}},"3":{"name":"(anonymous_5)","decl":{"start":{"line":42,"column":11},"end":{"line":null,"column":-1}},"loc":{"start":{"line":43,"column":4},"end":{"line":23,"column":37}}},"4":{"name":"(anonymous_6)","decl":{"start":{"line":44,"column":6},"end":{"line":44,"column":7}},"loc":{"start":{"line":44,"column":17},"end":{"line":44,"column":6}}},"5":{"name":"(anonymous_7)","decl":{"start":{"line":45,"column":6},"end":{"line":45,"column":11}},"loc":{"start":{"line":45,"column":12},"end":{"line":43,"column":4}}},"6":{"name":"(anonymous_8)","decl":{"start":{"line":48,"column":2},"end":{"line":48,"column":10}},"loc":{"start":{"line":48,"column":11},"end":{"line":23,"column":37}}},"7":{"name":"(anonymous_10)","decl":{"start":{"line":27,"column":7},"end":{"line":27,"column":8}},"loc":{"start":{"line":27,"column":18},"end":{"line":26,"column":4}}},"8":{"name":"(anonymous_12)","decl":{"start":{"line":32,"column":7},"end":{"line":32,"column":8}},"loc":{"start":{"line":32,"column":18},"end":{"line":31,"column":4}}},"9":{"name":"(anonymous_14)","decl":{"start":{"line":37,"column":7},"end":{"line":37,"column":8}},"loc":{"start":{"line":38,"column":8},"end":{"line":36,"column":4}}},"10":{"name":"(anonymous_15)","decl":{"start":{"line":60,"column":15},"end":{"line":60,"column":20}},"loc":{"start":{"line":60,"column":21},"end":{"line":60,"column":0}}},"11":{"name":"(anonymous_16)","decl":{"start":{"line":61,"column":15},"end":{"line":null,"column":-1}},"loc":{"start":{"line":62,"column":2},"end":{"line":61,"column":0}}},"12":{"name":"(anonymous_17)","decl":{"start":{"line":68,"column":15},"end":{"line":68,"column":20}},"loc":{"start":{"line":68,"column":21},"end":{"line":68,"column":0}}},"13":{"name":"(anonymous_18)","decl":{"start":{"line":69,"column":15},"end":{"line":69,"column":20}},"loc":{"start":{"line":69,"column":21},"end":{"line":69,"column":0}}},"14":{"name":"Usage","decl":{"start":{"line":71,"column":9},"end":{"line":71,"column":0}},"loc":{"start":{"line":73,"column":3},"end":{"line":79,"column":1}}},"15":{"name":"(anonymous_20)","decl":{"start":{"line":72,"column":13},"end":{"line":72,"column":14}},"loc":{"start":{"line":72,"column":26},"end":{"line":71,"column":15}}}},"branchMap":{"0":{"loc":{"start":{"line":12,"column":8},"end":{"line":16,"column":9}},"type":"if","locations":[{"start":{"line":12,"column":8},"end":{"line":16,"column":9}},{"start":{"line":12,"column":8},"end":{"line":16,"column":9}}]},"1":{"loc":{"start":{"line":51,"column":39},"end":{"line":51,"column":6}},"type":"cond-expr","locations":[{"start":{"line":51,"column":39},"end":{"line":51,"column":6}},{"start":{"line":51,"column":62},"end":{"line":50,"column":4}}]},"2":{"loc":{"start":{"line":27,"column":23},"end":{"line":27,"column":18}},"type":"cond-expr","locations":[{"start":{"line":27,"column":23},"end":{"line":27,"column":18}},{"start":{"line":27,"column":34},"end":{"line":26,"column":4}}]},"3":{"loc":{"start":{"line":32,"column":23},"end":{"line":32,"column":18}},"type":"cond-expr","locations":[{"start":{"line":32,"column":23},"end":{"line":32,"column":18}},{"start":{"line":32,"column":30},"end":{"line":31,"column":4}}]},"4":{"loc":{"start":{"line":72,"column":13},"end":{"line":71,"column":15}},"type":"default-arg","locations":[{"start":{"line":72,"column":13},"end":{"line":71,"column":15}}]}},"s":{"0":0,"1":0,"2":0,"3":0,"4":0,"5":0,"6":0,"7":0,"8":0,"9":0,"10":0,"11":0,"12":0,"13":0,"14":0,"15":0,"16":0,"17":0,"18":0,"19":0,"20":0,"21":0,"22":0,"23":0,"24":0,"25":0,"26":0,"27":0,"28":0},"f":{"0":0,"1":0,"2":0,"3":0,"4":0,"5":0,"6":0,"7":0,"8":0,"9":0,"10":0,"11":0,"12":0,"13":0,"14":0,"15":0},"b":{"0":[0,0],"1":[0,0],"2":[0,0],"3":[0,0],"4":[0]}}
,"/Users/jonathan/Desktop/advanced-react-patternsv2/src/exercises-final/11.js": {"path":"/Users/jonathan/Desktop/advanced-react-patternsv2/src/exercises-final/11.js","statementMap":{"0":{"start":{"line":5,"column":22},"end":{"line":5,"column":43}},"1":{"start":{"line":11,"column":4},"end":{"line":14,"column":5}},"2":{"start":{"line":12,"column":17},"end":{"line":12,"column":26}},"3":{"start":{"line":13,"column":12},"end":{"line":13,"column":46}},"4":{"start":{"line":16,"column":4},"end":{"line":21,"column":5}},"5":{"start":{"line":25,"column":15},"end":{"line":25,"column":31}},"6":{"start":{"line":25,"column":21},"end":{"line":25,"column":31}},"7":{"start":{"line":26,"column":15},"end":{"line":35,"column":1}},"8":{"start":{"line":27,"column":2},"end":{"line":34,"column":20}},"9":{"start":{"line":29,"column":6},"end":{"line":32,"column":17}},"10":{"start":{"line":36,"column":15},"end":{"line":36,"column":31}},"11":{"start":{"line":36,"column":21},"end":{"line":36,"column":31}},"12":{"start":{"line":37,"column":15},"end":{"line":41,"column":1}},"13":{"start":{"line":38,"column":2},"end":{"line":40,"column":20}},"14":{"start":{"line":39,"column":23},"end":{"line":39,"column":58}},"15":{"start":{"line":44,"column":26},"end":{"line":44,"column":58}},"16":{"start":{"line":46,"column":2},"end":{"line":50,"column":3}},"17":{"start":{"line":52,"column":0},"end":{"line":52,"column":32}}},"fnMap":{"0":{"name":"(anonymous_0)","decl":{"start":{"line":10,"column":11},"end":{"line":10,"column":12}},"loc":{"start":{"line":11,"column":4},"end":{"line":14,"column":5}},"line":11},"1":{"name":"(anonymous_1)","decl":{"start":{"line":12,"column":6},"end":{"line":12,"column":7}},"loc":{"start":{"line":12,"column":17},"end":{"line":12,"column":26}},"line":12},"2":{"name":"(anonymous_2)","decl":{"start":{"line":13,"column":6},"end":{"line":13,"column":7}},"loc":{"start":{"line":13,"column":12},"end":{"line":13,"column":46}},"line":13},"3":{"name":"(anonymous_3)","decl":{"start":{"line":15,"column":2},"end":{"line":15,"column":3}},"loc":{"start":{"line":15,"column":11},"end":{"line":22,"column":3}},"line":15},"4":{"name":"(anonymous_4)","decl":{"start":{"line":25,"column":15},"end":{"line":25,"column":16}},"loc":{"start":{"line":25,"column":21},"end":{"line":25,"column":31}},"line":25},"5":{"name":"(anonymous_5)","decl":{"start":{"line":26,"column":15},"end":{"line":26,"column":16}},"loc":{"start":{"line":27,"column":2},"end":{"line":34,"column":20}},"line":27},"6":{"name":"(anonymous_6)","decl":{"start":{"line":28,"column":5},"end":{"line":28,"column":6}},"loc":{"start":{"line":29,"column":6},"end":{"line":32,"column":17}},"line":29},"7":{"name":"(anonymous_7)","decl":{"start":{"line":36,"column":15},"end":{"line":36,"column":16}},"loc":{"start":{"line":36,"column":21},"end":{"line":36,"column":31}},"line":36},"8":{"name":"(anonymous_8)","decl":{"start":{"line":37,"column":15},"end":{"line":37,"column":16}},"loc":{"start":{"line":38,"column":2},"end":{"line":40,"column":20}},"line":38},"9":{"name":"(anonymous_9)","decl":{"start":{"line":39,"column":5},"end":{"line":39,"column":6}},"loc":{"start":{"line":39,"column":23},"end":{"line":39,"column":58}},"line":39},"10":{"name":"Usage","decl":{"start":{"line":43,"column":9},"end":{"line":43,"column":14}},"loc":{"start":{"line":45,"column":3},"end":{"line":51,"column":1}},"line":45},"11":{"name":"(anonymous_11)","decl":{"start":{"line":44,"column":13},"end":{"line":44,"column":14}},"loc":{"start":{"line":44,"column":26},"end":{"line":44,"column":58}},"line":44}},"branchMap":{"0":{"loc":{"start":{"line":30,"column":9},"end":{"line":30,"column":54}},"type":"cond-expr","locations":[{"start":{"line":30,"column":14},"end":{"line":30,"column":32}},{"start":{"line":30,"column":35},"end":{"line":30,"column":54}}],"line":30},"1":{"loc":{"start":{"line":44,"column":2},"end":{"line":44,"column":58}},"type":"default-arg","locations":[{"start":{"line":44,"column":13},"end":{"line":44,"column":58}}],"line":44}},"s":{"0":1,"1":1,"2":1,"3":1,"4":2,"5":1,"6":1,"7":1,"8":1,"9":2,"10":1,"11":2,"12":1,"13":2,"14":2,"15":0,"16":1,"17":1},"f":{"0":1,"1":1,"2":1,"3":2,"4":1,"5":1,"6":2,"7":2,"8":2,"9":2,"10":1,"11":0},"b":{"0":[1,1],"1":[0]},"_coverageSchema":"332fd63041d2c1bcb487cc26dd0d5f7d97098a6c","hash":"62731e825a3bf66e8b8d6b41e128cb325e8a9bab"}
,"/Users/jonathan/Desktop/advanced-react-patternsv2/src/exercises-final/12.js": {"path":"/Users/jonathan/Desktop/advanced-react-patternsv2/src/exercises-final/12.js","statementMap":{"0":{"start":{"line":6,"column":22},"end":{"line":6,"column":43}},"1":{"start":{"line":11,"column":4},"end":{"line":14,"column":5}},"2":{"start":{"line":12,"column":17},"end":{"line":12,"column":26}},"3":{"start":{"line":13,"column":12},"end":{"line":13,"column":46}},"4":{"start":{"line":17,"column":4},"end":{"line":19,"column":5}},"5":{"start":{"line":25,"column":4},"end":{"line":31,"column":5}},"6":{"start":{"line":28,"column":10},"end":{"line":28,"column":67}},"7":{"start":{"line":33,"column":2},"end":{"line":34,"column":21}},"8":{"start":{"line":35,"column":2},"end":{"line":35,"column":67}},"9":{"start":{"line":38,"column":15},"end":{"line":38,"column":31}},"10":{"start":{"line":38,"column":21},"end":{"line":38,"column":31}},"11":{"start":{"line":39,"column":15},"end":{"line":44,"column":2}},"12":{"start":{"line":40,"column":2},"end":{"line":43,"column":13}},"13":{"start":{"line":45,"column":15},"end":{"line":45,"column":31}},"14":{"start":{"line":45,"column":21},"end":{"line":45,"column":31}},"15":{"start":{"line":46,"column":15},"end":{"line":48,"column":2}},"16":{"start":{"line":47,"column":2},"end":{"line":47,"column":37}},"17":{"start":{"line":51,"column":26},"end":{"line":51,"column":58}},"18":{"start":{"line":53,"column":2},"end":{"line":57,"column":3}},"19":{"start":{"line":59,"column":0},"end":{"line":59,"column":39}}},"fnMap":{"0":{"name":"(anonymous_0)","decl":{"start":{"line":10,"column":11},"end":{"line":10,"column":12}},"loc":{"start":{"line":11,"column":4},"end":{"line":14,"column":5}},"line":11},"1":{"name":"(anonymous_1)","decl":{"start":{"line":12,"column":6},"end":{"line":12,"column":7}},"loc":{"start":{"line":12,"column":17},"end":{"line":12,"column":26}},"line":12},"2":{"name":"(anonymous_2)","decl":{"start":{"line":13,"column":6},"end":{"line":13,"column":7}},"loc":{"start":{"line":13,"column":12},"end":{"line":13,"column":46}},"line":13},"3":{"name":"(anonymous_3)","decl":{"start":{"line":16,"column":2},"end":{"line":16,"column":3}},"loc":{"start":{"line":16,"column":11},"end":{"line":20,"column":3}},"line":16},"4":{"name":"withToggle","decl":{"start":{"line":23,"column":9},"end":{"line":23,"column":19}},"loc":{"start":{"line":23,"column":31},"end":{"line":36,"column":1}},"line":23},"5":{"name":"Wrapper","decl":{"start":{"line":24,"column":11},"end":{"line":24,"column":18}},"loc":{"start":{"line":24,"column":31},"end":{"line":32,"column":3}},"line":24},"6":{"name":"(anonymous_6)","decl":{"start":{"line":27,"column":9},"end":{"line":27,"column":10}},"loc":{"start":{"line":28,"column":10},"end":{"line":28,"column":67}},"line":28},"7":{"name":"(anonymous_7)","decl":{"start":{"line":38,"column":15},"end":{"line":38,"column":16}},"loc":{"start":{"line":38,"column":21},"end":{"line":38,"column":31}},"line":38},"8":{"name":"(anonymous_8)","decl":{"start":{"line":39,"column":26},"end":{"line":39,"column":27}},"loc":{"start":{"line":40,"column":2},"end":{"line":43,"column":13}},"line":40},"9":{"name":"(anonymous_9)","decl":{"start":{"line":45,"column":15},"end":{"line":45,"column":16}},"loc":{"start":{"line":45,"column":21},"end":{"line":45,"column":31}},"line":45},"10":{"name":"(anonymous_10)","decl":{"start":{"line":46,"column":26},"end":{"line":46,"column":27}},"loc":{"start":{"line":47,"column":2},"end":{"line":47,"column":37}},"line":47},"11":{"name":"Usage","decl":{"start":{"line":50,"column":9},"end":{"line":50,"column":14}},"loc":{"start":{"line":52,"column":3},"end":{"line":58,"column":1}},"line":52},"12":{"name":"(anonymous_12)","decl":{"start":{"line":51,"column":13},"end":{"line":51,"column":14}},"loc":{"start":{"line":51,"column":26},"end":{"line":51,"column":58}},"line":51}},"branchMap":{"0":{"loc":{"start":{"line":33,"column":38},"end":{"line":34,"column":18}},"type":"binary-expr","locations":[{"start":{"line":33,"column":38},"end":{"line":33,"column":59}},{"start":{"line":34,"column":4},"end":{"line":34,"column":18}}],"line":33},"1":{"loc":{"start":{"line":41,"column":5},"end":{"line":41,"column":50}},"type":"cond-expr","locations":[{"start":{"line":41,"column":10},"end":{"line":41,"column":28}},{"start":{"line":41,"column":31},"end":{"line":41,"column":50}}],"line":41},"2":{"loc":{"start":{"line":51,"column":2},"end":{"line":51,"column":58}},"type":"default-arg","locations":[{"start":{"line":51,"column":13},"end":{"line":51,"column":58}}],"line":51}},"s":{"0":1,"1":1,"2":1,"3":1,"4":2,"5":5,"6":6,"7":6,"8":6,"9":1,"10":1,"11":1,"12":2,"13":1,"14":2,"15":1,"16":2,"17":0,"18":1,"19":1},"f":{"0":1,"1":1,"2":1,"3":2,"4":6,"5":5,"6":6,"7":1,"8":2,"9":2,"10":2,"11":1,"12":0},"b":{"0":[6,6],"1":[1,1],"2":[0]},"_coverageSchema":"332fd63041d2c1bcb487cc26dd0d5f7d97098a6c","hash":"2688082477bafab658848bd44be90c7e0f86b342"}
}
