TN:
SF:/Users/jonathan/Desktop/advanced-react-patternsv2/src/exercises-final/01.js
FN:6,(anonymous_0)
FN:8,(anonymous_1)
FN:9,(anonymous_2)
FN:13,(anonymous_3)
FN:19,Usage
FN:20,(anonymous_5)
FNF:6
FNH:5
FNDA:1,(anonymous_0)
FNDA:1,(anonymous_1)
FNDA:1,(anonymous_2)
FNDA:2,(anonymous_3)
FNDA:1,Usage
FNDA:0,(anonymous_5)
DA:7,1
DA:8,1
DA:10,1
DA:14,2
DA:15,2
DA:20,0
DA:22,1
DA:24,1
LF:8
LH:7
BRDA:20,0,0,0
BRF:1
BRH:0
end_of_record
TN:
SF:/Users/jonathan/Desktop/advanced-react-patternsv2/src/exercises-final/02.js
FN:7,(anonymous_0)
FN:8,(anonymous_1)
FN:9,(anonymous_2)
FN:13,(anonymous_3)
FN:15,(anonymous_4)
FN:16,(anonymous_5)
FN:18,(anonymous_6)
FN:19,(anonymous_7)
FN:28,Usage
FN:29,(anonymous_9)
FNF:10
FNH:9
FNDA:2,(anonymous_0)
FNDA:2,(anonymous_1)
FNDA:2,(anonymous_2)
FNDA:1,(anonymous_3)
FNDA:1,(anonymous_4)
FNDA:1,(anonymous_5)
FNDA:2,(anonymous_6)
FNDA:6,(anonymous_7)
FNDA:1,Usage
FNDA:0,(anonymous_9)
DA:7,2
DA:8,2
DA:10,2
DA:14,1
DA:15,1
DA:16,1
DA:19,2
DA:20,6
DA:29,0
DA:31,1
DA:39,1
LF:11
LH:10
BRDA:7,0,0,1
BRDA:7,0,1,1
BRDA:8,1,0,1
BRDA:8,1,1,1
BRDA:29,2,0,0
BRF:5
BRH:4
end_of_record
TN:
SF:/Users/jonathan/Desktop/advanced-react-patternsv2/src/exercises-final/03.extra-1.js
FN:9,ToggleConsumer
FN:12,(anonymous_2)
FN:24,(anonymous_3)
FN:43,(anonymous_4)
FN:45,(anonymous_5)
FN:46,(anonymous_6)
FN:48,(anonymous_7)
FN:27,(anonymous_9)
FN:32,(anonymous_11)
FN:37,(anonymous_13)
FN:59,Usage
FN:60,(anonymous_15)
FNF:12
FNH:0
FNDA:0,ToggleConsumer
FNDA:0,(anonymous_2)
FNDA:0,(anonymous_3)
FNDA:0,(anonymous_4)
FNDA:0,(anonymous_5)
FNDA:0,(anonymous_6)
FNDA:0,(anonymous_7)
FNDA:0,(anonymous_9)
FNDA:0,(anonymous_11)
FNDA:0,(anonymous_13)
FNDA:0,Usage
FNDA:0,(anonymous_15)
DA:4,0
DA:5,0
DA:7,0
DA:10,0
DA:13,0
DA:14,0
DA:18,0
DA:24,0
DA:27,0
DA:32,0
DA:38,0
DA:44,0
DA:45,0
DA:46,0
DA:49,0
DA:60,0
DA:62,0
DA:72,0
LF:18
LH:0
BRDA:13,0,0,0
BRDA:13,0,1,0
BRDA:27,1,0,0
BRDA:27,1,1,0
BRDA:32,2,0,0
BRDA:32,2,1,0
BRDA:60,3,0,0
BRF:7
BRH:0
end_of_record
TN:
SF:/Users/jonathan/Desktop/advanced-react-patternsv2/src/exercises-final/03.extra-2.js
FN:9,ToggleConsumer
FN:12,(anonymous_2)
FN:24,(anonymous_3)
FN:46,(anonymous_4)
FN:48,(anonymous_5)
FN:49,(anonymous_6)
FN:52,(anonymous_7)
FN:27,(anonymous_9)
FN:32,(anonymous_11)
FN:37,(anonymous_13)
FN:61,Usage
FN:62,(anonymous_15)
FNF:12
FNH:0
FNDA:0,ToggleConsumer
FNDA:0,(anonymous_2)
FNDA:0,(anonymous_3)
FNDA:0,(anonymous_4)
FNDA:0,(anonymous_5)
FNDA:0,(anonymous_6)
FNDA:0,(anonymous_7)
FNDA:0,(anonymous_9)
FNDA:0,(anonymous_11)
FNDA:0,(anonymous_13)
FNDA:0,Usage
FNDA:0,(anonymous_15)
DA:4,0
DA:5,0
DA:7,0
DA:10,0
DA:13,0
DA:14,0
DA:18,0
DA:24,0
DA:27,0
DA:32,0
DA:38,0
DA:47,0
DA:48,0
DA:49,0
DA:53,0
DA:62,0
DA:64,0
DA:74,0
LF:18
LH:0
BRDA:13,0,0,0
BRDA:13,0,1,0
BRDA:27,1,0,0
BRDA:27,1,1,0
BRDA:32,2,0,0
BRDA:32,2,1,0
BRDA:62,3,0,0
BRF:7
BRH:0
end_of_record
TN:
SF:/Users/jonathan/Desktop/advanced-react-patternsv2/src/exercises-final/03.js
FN:9,(anonymous_0)
FN:11,(anonymous_1)
FN:14,(anonymous_2)
FN:16,(anonymous_3)
FN:19,(anonymous_4)
FN:21,(anonymous_5)
FN:27,(anonymous_6)
FN:29,(anonymous_7)
FN:30,(anonymous_8)
FN:32,(anonymous_9)
FN:43,Usage
FN:44,(anonymous_11)
FNF:12
FNH:11
FNDA:1,(anonymous_0)
FNDA:2,(anonymous_1)
FNDA:1,(anonymous_2)
FNDA:2,(anonymous_3)
FNDA:1,(anonymous_4)
FNDA:2,(anonymous_5)
FNDA:1,(anonymous_6)
FNDA:1,(anonymous_7)
FNDA:1,(anonymous_8)
FNDA:2,(anonymous_9)
FNDA:1,Usage
FNDA:0,(anonymous_11)
DA:6,1
DA:10,1
DA:11,2
DA:15,1
DA:16,2
DA:20,1
DA:22,2
DA:28,1
DA:29,1
DA:30,1
DA:33,2
DA:44,0
DA:46,1
DA:56,1
LF:14
LH:13
BRDA:11,0,0,1
BRDA:11,0,1,1
BRDA:16,1,0,1
BRDA:16,1,1,1
BRDA:44,2,0,0
BRF:5
BRH:4
end_of_record
TN:
SF:/Users/jonathan/Desktop/advanced-react-patternsv2/src/exercises-final/04.js
FN:8,(anonymous_0)
FN:10,(anonymous_1)
FN:11,(anonymous_2)
FN:13,(anonymous_3)
FN:19,(anonymous_4)
FN:24,Usage
FN:25,(anonymous_6)
FN:29,(anonymous_7)
FNF:8
FNH:7
FNDA:2,(anonymous_0)
FNDA:2,(anonymous_1)
FNDA:2,(anonymous_2)
FNDA:4,(anonymous_3)
FNDA:4,(anonymous_4)
FNDA:2,Usage
FNDA:0,(anonymous_6)
FNDA:4,(anonymous_7)
DA:9,2
DA:10,2
DA:11,2
DA:14,4
DA:20,4
DA:25,0
DA:27,2
DA:30,4
DA:42,1
LF:9
LH:8
BRDA:25,0,0,0
BRDA:31,1,0,2
BRDA:31,1,1,2
BRDA:35,2,0,2
BRDA:35,2,1,2
BRF:5
BRH:4
end_of_record
TN:
SF:/Users/jonathan/Desktop/advanced-react-patternsv2/src/exercises-final/05.js
FN:8,(anonymous_0)
FN:10,(anonymous_1)
FN:11,(anonymous_2)
FN:13,(anonymous_3)
FN:23,(anonymous_4)
FN:28,Usage
FN:29,(anonymous_6)
FN:33,(anonymous_7)
FNF:8
FNH:7
FNDA:2,(anonymous_0)
FNDA:2,(anonymous_1)
FNDA:2,(anonymous_2)
FNDA:4,(anonymous_3)
FNDA:4,(anonymous_4)
FNDA:2,Usage
FNDA:0,(anonymous_6)
FNDA:4,(anonymous_7)
DA:9,2
DA:10,2
DA:11,2
DA:14,4
DA:24,4
DA:29,0
DA:31,2
DA:34,4
DA:45,1
LF:9
LH:8
BRDA:29,0,0,0
BRDA:38,1,0,2
BRDA:38,1,1,2
BRF:3
BRH:2
end_of_record
TN:
SF:/Users/jonathan/Desktop/advanced-react-patternsv2/src/exercises-final/06.js
FN:6,(anonymous_0)
FN:6,(anonymous_1)
FN:7,(anonymous_2)
FN:11,(anonymous_3)
FN:13,(anonymous_4)
FN:14,(anonymous_5)
FN:16,(anonymous_6)
FN:21,(anonymous_7)
FN:28,(anonymous_8)
FN:33,Usage
FN:34,(anonymous_10)
FN:35,(anonymous_11)
FN:39,(anonymous_12)
FNF:13
FNH:11
FNDA:12,(anonymous_0)
FNDA:3,(anonymous_1)
FNDA:6,(anonymous_2)
FNDA:3,(anonymous_3)
FNDA:3,(anonymous_4)
FNDA:3,(anonymous_5)
FNDA:12,(anonymous_6)
FNDA:6,(anonymous_7)
FNDA:6,(anonymous_8)
FNDA:3,Usage
FNDA:0,(anonymous_10)
FNDA:0,(anonymous_11)
FNDA:6,(anonymous_12)
DA:6,12
DA:7,6
DA:12,3
DA:13,3
DA:14,3
DA:16,12
DA:22,6
DA:29,6
DA:34,0
DA:35,0
DA:37,3
DA:40,6
DA:57,1
LF:13
LH:11
BRDA:7,0,0,6
BRDA:7,0,1,5
BRDA:16,1,0,0
BRDA:34,2,0,0
BRDA:35,3,0,0
BRDA:50,4,0,3
BRDA:50,4,1,3
BRF:7
BRH:4
end_of_record
TN:
SF:/Users/jonathan/Desktop/advanced-react-patternsv2/src/exercises-final/07.js
FN:6,(anonymous_0)
FN:6,(anonymous_1)
FN:7,(anonymous_2)
FN:12,(anonymous_3)
FN:16,(anonymous_4)
FN:17,(anonymous_5)
FN:20,(anonymous_6)
FN:22,(anonymous_7)
FN:23,(anonymous_8)
FN:25,(anonymous_9)
FN:30,(anonymous_10)
FN:38,(anonymous_11)
FN:43,Usage
FN:45,(anonymous_13)
FN:46,(anonymous_14)
FN:54,(anonymous_15)
FN:58,(anonymous_16)
FNF:17
FNH:14
FNDA:5,(anonymous_0)
FNDA:2,(anonymous_1)
FNDA:4,(anonymous_2)
FNDA:0,(anonymous_3)
FNDA:1,(anonymous_4)
FNDA:1,(anonymous_5)
FNDA:2,(anonymous_6)
FNDA:2,(anonymous_7)
FNDA:2,(anonymous_8)
FNDA:5,(anonymous_9)
FNDA:5,(anonymous_10)
FNDA:5,(anonymous_11)
FNDA:2,Usage
FNDA:0,(anonymous_13)
FNDA:0,(anonymous_14)
FNDA:5,(anonymous_15)
FNDA:1,(anonymous_16)
DA:6,5
DA:7,4
DA:17,1
DA:18,1
DA:21,2
DA:22,2
DA:23,2
DA:25,5
DA:31,5
DA:39,5
DA:45,0
DA:46,0
DA:48,2
DA:55,5
DA:58,1
DA:64,1
LF:16
LH:14
BRDA:7,0,0,4
BRDA:7,0,1,2
BRDA:25,1,0,0
BRDA:44,2,0,2
BRDA:45,3,0,0
BRDA:46,4,0,1
BRF:6
BRH:4
end_of_record
TN:
SF:/Users/jonathan/Desktop/advanced-react-patternsv2/src/exercises-final/08.js
FN:6,(anonymous_0)
FN:6,(anonymous_1)
FN:7,(anonymous_2)
FN:12,(anonymous_3)
FN:13,(anonymous_4)
FN:17,(anonymous_5)
FN:18,(anonymous_6)
FN:34,(anonymous_7)
FN:35,(anonymous_8)
FN:38,(anonymous_9)
FN:40,(anonymous_10)
FN:41,(anonymous_11)
FN:43,(anonymous_12)
FN:48,(anonymous_13)
FN:56,(anonymous_14)
FN:63,(anonymous_15)
FN:64,(anonymous_16)
FN:68,(anonymous_17)
FN:69,(anonymous_18)
FN:74,(anonymous_19)
FN:78,(anonymous_20)
FN:84,(anonymous_21)
FN:92,(anonymous_22)
FNF:23
FNH:19
FNDA:20,(anonymous_0)
FNDA:8,(anonymous_1)
FNDA:16,(anonymous_2)
FNDA:0,(anonymous_3)
FNDA:0,(anonymous_4)
FNDA:9,(anonymous_5)
FNDA:9,(anonymous_6)
FNDA:1,(anonymous_7)
FNDA:1,(anonymous_8)
FNDA:8,(anonymous_9)
FNDA:8,(anonymous_10)
FNDA:8,(anonymous_11)
FNDA:20,(anonymous_12)
FNDA:20,(anonymous_13)
FNDA:20,(anonymous_14)
FNDA:0,(anonymous_15)
FNDA:0,(anonymous_16)
FNDA:8,(anonymous_17)
FNDA:8,(anonymous_18)
FNDA:1,(anonymous_19)
FNDA:9,(anonymous_20)
FNDA:11,(anonymous_21)
FNDA:20,(anonymous_22)
DA:6,20
DA:7,16
DA:13,0
DA:18,9
DA:21,9
DA:25,9
DA:29,9
DA:35,1
DA:36,1
DA:39,8
DA:40,8
DA:41,8
DA:43,20
DA:49,20
DA:57,20
DA:63,0
DA:64,0
DA:69,8
DA:72,8
DA:75,1
DA:76,1
DA:79,9
DA:80,3
DA:82,6
DA:85,11
DA:86,11
DA:93,20
DA:116,1
LF:28
LH:25
BRDA:7,0,0,16
BRDA:7,0,1,8
BRDA:21,1,0,8
BRDA:21,1,1,1
BRDA:25,2,0,9
BRDA:25,2,1,0
BRDA:29,3,0,9
BRDA:29,3,1,0
BRDA:43,4,0,0
BRDA:79,5,0,3
BRDA:79,5,1,6
BRDA:99,6,0,4
BRDA:99,6,1,16
BRDA:104,7,0,10
BRDA:104,7,1,6
BRF:15
BRH:12
end_of_record
TN:
SF:/Users/jonathan/Desktop/advanced-react-patternsv2/src/exercises-final/09.js
FN:6,(anonymous_0)
FN:6,(anonymous_1)
FN:7,(anonymous_2)
FN:12,(anonymous_3)
FN:13,(anonymous_4)
FN:25,(anonymous_5)
FN:26,(anonymous_6)
FN:43,(anonymous_7)
FN:46,(anonymous_8)
FN:48,(anonymous_9)
FN:50,(anonymous_10)
FN:51,(anonymous_11)
FN:53,(anonymous_12)
FN:54,(anonymous_13)
FN:58,(anonymous_14)
FN:66,(anonymous_15)
FN:73,(anonymous_16)
FN:74,(anonymous_17)
FN:78,(anonymous_18)
FN:79,(anonymous_19)
FN:84,(anonymous_20)
FN:88,(anonymous_21)
FN:97,(anonymous_22)
FN:106,(anonymous_23)
FN:117,(anonymous_24)
FNF:25
FNH:21
FNDA:22,(anonymous_0)
FNDA:8,(anonymous_1)
FNDA:16,(anonymous_2)
FNDA:0,(anonymous_3)
FNDA:0,(anonymous_4)
FNDA:10,(anonymous_5)
FNDA:10,(anonymous_6)
FNDA:1,(anonymous_7)
FNDA:1,(anonymous_8)
FNDA:9,(anonymous_9)
FNDA:9,(anonymous_10)
FNDA:9,(anonymous_11)
FNDA:22,(anonymous_12)
FNDA:8,(anonymous_13)
FNDA:22,(anonymous_14)
FNDA:22,(anonymous_15)
FNDA:0,(anonymous_16)
FNDA:0,(anonymous_17)
FNDA:9,(anonymous_18)
FNDA:9,(anonymous_19)
FNDA:1,(anonymous_20)
FNDA:10,(anonymous_21)
FNDA:12,(anonymous_22)
FNDA:22,(anonymous_23)
FNDA:1,(anonymous_24)
DA:6,22
DA:7,16
DA:13,0
DA:26,10
DA:29,10
DA:33,10
DA:36,10
DA:39,10
DA:44,1
DA:46,1
DA:49,9
DA:50,9
DA:51,9
DA:53,22
DA:54,8
DA:59,22
DA:67,22
DA:73,0
DA:74,0
DA:79,9
DA:82,9
DA:85,1
DA:86,1
DA:89,10
DA:90,1
DA:92,9
DA:93,3
DA:95,6
DA:98,12
DA:99,12
DA:107,22
DA:117,1
DA:134,1
LF:33
LH:30
BRDA:7,0,0,16
BRDA:7,0,1,8
BRDA:29,1,0,9
BRDA:29,1,1,1
BRDA:33,2,0,10
BRDA:33,2,1,0
BRDA:39,3,0,10
BRDA:39,3,1,0
BRDA:48,4,0,8
BRDA:48,5,0,8
BRDA:53,6,0,0
BRDA:89,7,0,1
BRDA:89,7,1,9
BRDA:92,8,0,3
BRDA:92,8,1,6
BRDA:113,9,0,6
BRDA:113,9,1,16
BRDA:122,10,0,10
BRDA:122,10,1,6
BRF:19
BRH:16
end_of_record
TN:
SF:/Users/jonathan/Desktop/advanced-react-patternsv2/src/exercises-final/10.extra-1.js
FN:7,(anonymous_1)
FN:25,(anonymous_2)
FN:30,(anonymous_3)
FN:31,(anonymous_4)
FN:9,(anonymous_5)
FN:12,(anonymous_6)
FN:14,(anonymous_7)
FN:37,(anonymous_8)
FN:42,(anonymous_9)
FN:44,(anonymous_10)
FN:47,(anonymous_11)
FNF:11
FNH:0
FNDA:0,(anonymous_1)
FNDA:0,(anonymous_2)
FNDA:0,(anonymous_3)
FNDA:0,(anonymous_4)
FNDA:0,(anonymous_5)
FNDA:0,(anonymous_6)
FNDA:0,(anonymous_7)
FNDA:0,(anonymous_8)
FNDA:0,(anonymous_9)
FNDA:0,(anonymous_10)
FNDA:0,(anonymous_11)
DA:4,0
DA:5,0
DA:7,0
DA:10,0
DA:13,0
DA:15,0
DA:16,0
DA:18,0
DA:20,0
DA:26,0
DA:27,0
DA:29,0
DA:30,0
DA:32,0
DA:38,0
DA:42,0
DA:45,0
DA:47,0
DA:48,0
DA:49,0
DA:50,0
DA:66,0
LF:22
LH:0
BRDA:26,0,0,0
BRDA:26,0,1,0
BRDA:15,1,0,0
BRDA:15,1,1,0
BRF:4
BRH:0
end_of_record
TN:
SF:/Users/jonathan/Desktop/advanced-react-patternsv2/src/exercises-final/10.extra-2.js
FN:7,(anonymous_1)
FN:58,(anonymous_2)
FN:60,(anonymous_3)
FN:61,(anonymous_4)
FN:13,(anonymous_5)
FN:16,(anonymous_6)
FN:18,(anonymous_7)
FN:29,(anonymous_8)
FN:32,(anonymous_9)
FN:41,(anonymous_10)
FN:52,(anonymous_11)
FN:66,(anonymous_12)
FN:9,(anonymous_13)
FN:10,(anonymous_14)
FN:71,(anonymous_15)
FN:73,(anonymous_16)
FN:76,(anonymous_17)
FNF:17
FNH:0
FNDA:0,(anonymous_1)
FNDA:0,(anonymous_2)
FNDA:0,(anonymous_3)
FNDA:0,(anonymous_4)
FNDA:0,(anonymous_5)
FNDA:0,(anonymous_6)
FNDA:0,(anonymous_7)
FNDA:0,(anonymous_8)
FNDA:0,(anonymous_9)
FNDA:0,(anonymous_10)
FNDA:0,(anonymous_11)
FNDA:0,(anonymous_12)
FNDA:0,(anonymous_13)
FNDA:0,(anonymous_14)
FNDA:0,(anonymous_15)
FNDA:0,(anonymous_16)
FNDA:0,(anonymous_17)
DA:4,0
DA:5,0
DA:7,0
DA:14,0
DA:17,0
DA:19,0
DA:20,0
DA:22,0
DA:24,0
DA:31,0
DA:33,0
DA:35,0
DA:38,0
DA:39,0
DA:42,0
DA:43,0
DA:45,0
DA:48,0
DA:53,0
DA:54,0
DA:59,0
DA:60,0
DA:62,0
DA:67,0
DA:71,0
DA:74,0
DA:76,0
DA:77,0
DA:78,0
DA:79,0
DA:95,0
LF:31
LH:0
BRDA:16,0,0,0
BRDA:19,1,0,0
BRDA:19,1,1,0
BRDA:36,2,0,0
BRDA:36,2,1,0
BRDA:42,3,0,0
BRDA:42,3,1,0
BRDA:49,4,0,0
BRDA:49,4,1,0
BRF:9
BRH:0
end_of_record
TN:
SF:/Users/jonathan/Desktop/advanced-react-patternsv2/src/exercises-final/10.extra-3.js
FN:8,(anonymous_2)
FN:67,(anonymous_3)
FN:72,(anonymous_4)
FN:76,(anonymous_5)
FN:81,(anonymous_6)
FN:82,(anonymous_7)
FN:84,(anonymous_8)
FN:19,(anonymous_9)
FN:22,(anonymous_10)
FN:24,(anonymous_11)
FN:35,(anonymous_12)
FN:35,(anonymous_13)
FN:38,(anonymous_14)
FN:50,(anonymous_15)
FN:61,(anonymous_16)
FN:86,(anonymous_17)
FN:10,(anonymous_18)
FN:11,(anonymous_19)
FN:100,(anonymous_20)
FN:103,(anonymous_21)
FN:117,(anonymous_22)
FNF:21
FNH:0
FNDA:0,(anonymous_2)
FNDA:0,(anonymous_3)
FNDA:0,(anonymous_4)
FNDA:0,(anonymous_5)
FNDA:0,(anonymous_6)
FNDA:0,(anonymous_7)
FNDA:0,(anonymous_8)
FNDA:0,(anonymous_9)
FNDA:0,(anonymous_10)
FNDA:0,(anonymous_11)
FNDA:0,(anonymous_12)
FNDA:0,(anonymous_13)
FNDA:0,(anonymous_14)
FNDA:0,(anonymous_15)
FNDA:0,(anonymous_16)
FNDA:0,(anonymous_17)
FNDA:0,(anonymous_18)
FNDA:0,(anonymous_19)
FNDA:0,(anonymous_20)
FNDA:0,(anonymous_21)
FNDA:0,(anonymous_22)
DA:5,0
DA:6,0
DA:8,0
DA:20,0
DA:23,0
DA:25,0
DA:26,0
DA:28,0
DA:30,0
DA:37,0
DA:38,0
DA:39,0
DA:41,0
DA:45,0
DA:46,0
DA:48,0
DA:51,0
DA:52,0
DA:54,0
DA:57,0
DA:62,0
DA:63,0
DA:71,0
DA:72,0
DA:77,0
DA:81,0
DA:83,0
DA:85,0
DA:87,0
DA:100,0
DA:105,0
DA:107,0
DA:111,0
DA:112,0
DA:114,0
DA:117,0
DA:118,0
DA:119,0
DA:120,0
DA:136,0
LF:40
LH:0
BRDA:70,0,0,0
BRDA:69,1,0,0
BRDA:73,2,0,0
BRDA:73,2,1,0
BRDA:22,3,0,0
BRDA:25,4,0,0
BRDA:25,4,1,0
BRDA:35,5,0,0
BRDA:42,6,0,0
BRDA:42,6,1,0
BRDA:51,7,0,0
BRDA:51,7,1,0
BRDA:58,8,0,0
BRDA:58,8,1,0
BRDA:105,9,0,0
BRDA:105,9,1,0
BRDA:107,10,0,0
BRDA:107,10,1,0
BRDA:108,11,0,0
BRDA:108,11,1,0
BRDA:108,11,2,0
BRF:21
BRH:0
end_of_record
TN:
SF:/Users/jonathan/Desktop/advanced-react-patternsv2/src/exercises-final/10.js
FN:8,(anonymous_0)
FN:11,(anonymous_1)
FN:16,(anonymous_2)
FN:21,(anonymous_3)
FN:22,(anonymous_4)
FN:28,(anonymous_5)
FN:35,(anonymous_6)
FN:38,(anonymous_7)
FNF:8
FNH:8
FNDA:14,(anonymous_0)
FNDA:11,(anonymous_1)
FNDA:3,(anonymous_2)
FNDA:1,(anonymous_3)
FNDA:1,(anonymous_4)
FNDA:8,(anonymous_5)
FNDA:2,(anonymous_6)
FNDA:3,(anonymous_7)
DA:9,14
DA:12,11
DA:17,3
DA:18,2
DA:20,1
DA:21,1
DA:23,1
DA:29,8
DA:36,2
DA:39,3
DA:40,3
DA:41,3
DA:57,1
LF:13
LH:13
BRDA:13,0,0,8
BRDA:13,0,1,3
BRDA:17,1,0,2
BRDA:17,1,1,1
BRF:4
BRH:4
end_of_record
TN:
SF:/Users/jonathan/Desktop/advanced-react-patternsv2/src/exercises-final/11.extra-1.js
FN:8,ToggleConsumer
FN:11,(anonymous_2)
FN:23,(anonymous_3)
FN:26,(anonymous_4)
FN:28,(anonymous_5)
FN:29,(anonymous_6)
FN:31,(anonymous_7)
FN:41,(anonymous_8)
FN:42,(anonymous_9)
FN:44,(anonymous_10)
FN:52,(anonymous_11)
FN:53,(anonymous_12)
FN:55,(anonymous_13)
FN:59,Usage
FN:60,(anonymous_15)
FNF:15
FNH:0
FNDA:0,ToggleConsumer
FNDA:0,(anonymous_2)
FNDA:0,(anonymous_3)
FNDA:0,(anonymous_4)
FNDA:0,(anonymous_5)
FNDA:0,(anonymous_6)
FNDA:0,(anonymous_7)
FNDA:0,(anonymous_8)
FNDA:0,(anonymous_9)
FNDA:0,(anonymous_10)
FNDA:0,(anonymous_11)
FNDA:0,(anonymous_12)
FNDA:0,(anonymous_13)
FNDA:0,Usage
FNDA:0,(anonymous_15)
DA:3,0
DA:4,0
DA:6,0
DA:9,0
DA:12,0
DA:13,0
DA:17,0
DA:23,0
DA:27,0
DA:28,0
DA:29,0
DA:32,0
DA:41,0
DA:42,0
DA:43,0
DA:45,0
DA:52,0
DA:53,0
DA:54,0
DA:55,0
DA:60,0
DA:62,0
LF:22
LH:0
BRDA:12,0,0,0
BRDA:12,0,1,0
BRDA:46,1,0,0
BRDA:46,1,1,0
BRDA:60,2,0,0
BRF:5
BRH:0
end_of_record
TN:
SF:/Users/jonathan/Desktop/advanced-react-patternsv2/src/exercises-final/11.extra-2.js
FN:8,ToggleConsumer
FN:11,(anonymous_2)
FN:23,(anonymous_3)
FN:25,(anonymous_4)
FN:27,(anonymous_5)
FN:28,(anonymous_6)
FN:31,(anonymous_7)
FN:38,(anonymous_8)
FN:39,(anonymous_9)
FN:41,(anonymous_10)
FN:49,(anonymous_11)
FN:50,(anonymous_12)
FN:52,(anonymous_13)
FN:56,Usage
FN:57,(anonymous_15)
FNF:15
FNH:0
FNDA:0,ToggleConsumer
FNDA:0,(anonymous_2)
FNDA:0,(anonymous_3)
FNDA:0,(anonymous_4)
FNDA:0,(anonymous_5)
FNDA:0,(anonymous_6)
FNDA:0,(anonymous_7)
FNDA:0,(anonymous_8)
FNDA:0,(anonymous_9)
FNDA:0,(anonymous_10)
FNDA:0,(anonymous_11)
FNDA:0,(anonymous_12)
FNDA:0,(anonymous_13)
FNDA:0,Usage
FNDA:0,(anonymous_15)
DA:3,0
DA:4,0
DA:6,0
DA:9,0
DA:12,0
DA:13,0
DA:17,0
DA:23,0
DA:26,0
DA:27,0
DA:28,0
DA:32,0
DA:38,0
DA:39,0
DA:40,0
DA:42,0
DA:49,0
DA:50,0
DA:51,0
DA:52,0
DA:57,0
DA:59,0
LF:22
LH:0
BRDA:12,0,0,0
BRDA:12,0,1,0
BRDA:43,1,0,0
BRDA:43,1,1,0
BRDA:57,2,0,0
BRF:5
BRH:0
end_of_record
TN:
SF:/Users/jonathan/Desktop/advanced-react-patternsv2/src/exercises-final/11.extra-3.js
FN:8,ToggleConsumer
FN:11,(anonymous_3)
FN:23,(anonymous_4)
FN:25,(anonymous_5)
FN:27,(anonymous_6)
FN:28,(anonymous_7)
FN:31,(anonymous_8)
FN:43,(anonymous_9)
FN:44,(anonymous_10)
FN:46,(anonymous_11)
FN:54,(anonymous_12)
FN:55,(anonymous_13)
FN:57,(anonymous_14)
FN:61,Usage
FN:62,(anonymous_16)
FNF:15
FNH:0
FNDA:0,ToggleConsumer
FNDA:0,(anonymous_3)
FNDA:0,(anonymous_4)
FNDA:0,(anonymous_5)
FNDA:0,(anonymous_6)
FNDA:0,(anonymous_7)
FNDA:0,(anonymous_8)
FNDA:0,(anonymous_9)
FNDA:0,(anonymous_10)
FNDA:0,(anonymous_11)
FNDA:0,(anonymous_12)
FNDA:0,(anonymous_13)
FNDA:0,(anonymous_14)
FNDA:0,Usage
FNDA:0,(anonymous_16)
DA:3,0
DA:4,0
DA:6,0
DA:9,0
DA:12,0
DA:13,0
DA:17,0
DA:23,0
DA:26,0
DA:27,0
DA:28,0
DA:31,0
DA:32,0
DA:34,0
DA:35,0
DA:43,0
DA:44,0
DA:45,0
DA:47,0
DA:54,0
DA:55,0
DA:56,0
DA:57,0
DA:62,0
DA:64,0
LF:25
LH:0
BRDA:12,0,0,0
BRDA:12,0,1,0
BRDA:34,1,0,0
BRDA:34,1,1,0
BRDA:48,2,0,0
BRDA:48,2,1,0
BRDA:62,3,0,0
BRF:7
BRH:0
end_of_record
TN:
SF:/Users/jonathan/Desktop/advanced-react-patternsv2/src/exercises-final/11.extra-4.js
FN:8,ToggleConsumer
FN:11,(anonymous_3)
FN:23,(anonymous_4)
FN:42,(anonymous_5)
FN:44,(anonymous_6)
FN:45,(anonymous_7)
FN:48,(anonymous_8)
FN:27,(anonymous_10)
FN:32,(anonymous_12)
FN:37,(anonymous_14)
FN:60,(anonymous_15)
FN:61,(anonymous_16)
FN:68,(anonymous_17)
FN:69,(anonymous_18)
FN:71,Usage
FN:72,(anonymous_20)
FNF:16
FNH:0
FNDA:0,ToggleConsumer
FNDA:0,(anonymous_3)
FNDA:0,(anonymous_4)
FNDA:0,(anonymous_5)
FNDA:0,(anonymous_6)
FNDA:0,(anonymous_7)
FNDA:0,(anonymous_8)
FNDA:0,(anonymous_10)
FNDA:0,(anonymous_12)
FNDA:0,(anonymous_14)
FNDA:0,(anonymous_15)
FNDA:0,(anonymous_16)
FNDA:0,(anonymous_17)
FNDA:0,(anonymous_18)
FNDA:0,Usage
FNDA:0,(anonymous_20)
DA:3,0
DA:4,0
DA:6,0
DA:9,0
DA:12,0
DA:13,0
DA:17,0
DA:23,0
DA:27,0
DA:32,0
DA:38,0
DA:43,0
DA:44,0
DA:45,0
DA:48,0
DA:49,0
DA:51,0
DA:52,0
DA:60,0
DA:61,0
DA:62,0
DA:68,0
DA:69,0
DA:72,0
DA:74,0
LF:25
LH:0
BRDA:12,0,0,0
BRDA:12,0,1,0
BRDA:51,1,0,0
BRDA:51,1,1,0
BRDA:27,2,0,0
BRDA:27,2,1,0
BRDA:32,3,0,0
BRDA:32,3,1,0
BRDA:72,4,0,0
BRF:9
BRH:0
end_of_record
TN:
SF:/Users/jonathan/Desktop/advanced-react-patternsv2/src/exercises-final/11.js
FN:10,(anonymous_0)
FN:12,(anonymous_1)
FN:13,(anonymous_2)
FN:15,(anonymous_3)
FN:25,(anonymous_4)
FN:26,(anonymous_5)
FN:28,(anonymous_6)
FN:36,(anonymous_7)
FN:37,(anonymous_8)
FN:39,(anonymous_9)
FN:43,Usage
FN:44,(anonymous_11)
FNF:12
FNH:11
FNDA:1,(anonymous_0)
FNDA:1,(anonymous_1)
FNDA:1,(anonymous_2)
FNDA:2,(anonymous_3)
FNDA:1,(anonymous_4)
FNDA:1,(anonymous_5)
FNDA:2,(anonymous_6)
FNDA:2,(anonymous_7)
FNDA:2,(anonymous_8)
FNDA:2,(anonymous_9)
FNDA:1,Usage
FNDA:0,(anonymous_11)
DA:5,1
DA:11,1
DA:12,1
DA:13,1
DA:16,2
DA:25,1
DA:26,1
DA:27,1
DA:29,2
DA:36,2
DA:37,1
DA:38,2
DA:39,2
DA:44,0
DA:46,1
DA:52,1
LF:16
LH:15
BRDA:30,0,0,1
BRDA:30,0,1,1
BRDA:44,1,0,0
BRF:3
BRH:2
end_of_record
TN:
SF:/Users/jonathan/Desktop/advanced-react-patternsv2/src/exercises-final/12.js
FN:10,(anonymous_0)
FN:12,(anonymous_1)
FN:13,(anonymous_2)
FN:16,(anonymous_3)
FN:23,withToggle
FN:24,Wrapper
FN:27,(anonymous_6)
FN:38,(anonymous_7)
FN:39,(anonymous_8)
FN:45,(anonymous_9)
FN:46,(anonymous_10)
FN:50,Usage
FN:51,(anonymous_12)
FNF:13
FNH:12
FNDA:1,(anonymous_0)
FNDA:1,(anonymous_1)
FNDA:1,(anonymous_2)
FNDA:2,(anonymous_3)
FNDA:6,withToggle
FNDA:5,Wrapper
FNDA:6,(anonymous_6)
FNDA:1,(anonymous_7)
FNDA:2,(anonymous_8)
FNDA:2,(anonymous_9)
FNDA:2,(anonymous_10)
FNDA:1,Usage
FNDA:0,(anonymous_12)
DA:6,1
DA:11,1
DA:12,1
DA:13,1
DA:17,2
DA:25,5
DA:28,6
DA:33,6
DA:35,6
DA:38,1
DA:39,1
DA:40,2
DA:45,2
DA:46,1
DA:47,2
DA:51,0
DA:53,1
DA:59,1
LF:18
LH:17
BRDA:33,0,0,6
BRDA:33,0,1,6
BRDA:41,1,0,1
BRDA:41,1,1,1
BRDA:51,2,0,0
BRF:5
BRH:4
end_of_record
